!SESSION 2017-10-30 15:02:44.098 -----------------------------------------------
eclipse.buildId=unknown
java.version=1.8.0_131
java.vendor=Oracle Corporation
BootLoader constants: OS=linux, ARCH=x86_64, WS=gtk, NL=en_US
Command-line arguments:  -data /home/joelias/Dropbox/UFF/Pesquisa/power -os linux -ws gtk -arch x86_64

This is a continuation of log file /home/joelias/Dropbox/UFF/Pesquisa/power/.metadata/.bak_2.log
Created Time: 2017-10-30 16:58:42.212

!ENTRY org.eclipse.cdt.core 2 0 2017-10-30 16:58:42.213
!MESSAGE Error getting ScannerInfo: Unable to determine language for resource L/inet-framework-simulte-afd56c4/src/stack/rlc/packet/LteRlcDataPdu.msg
!STACK 0
java.lang.Exception
	at org.eclipse.cdt.internal.core.language.settings.providers.LanguageSettingsScannerInfoProvider.getScannerInformation(LanguageSettingsScannerInfoProvider.java:86)
	at org.eclipse.cdt.internal.core.language.settings.providers.LanguageSettingsScannerInfoProvider.getScannerInformation(LanguageSettingsScannerInfoProvider.java:1)
	at org.omnetpp.cdt.cache.CppScanner.getScannerInfo(CppScanner.java:136)
	at org.omnetpp.cdt.cache.CppScanner.<init>(CppScanner.java:119)
	at org.omnetpp.cdt.cache.DependencyCache.collectFileIncludeStatements(DependencyCache.java:451)
	at org.omnetpp.cdt.cache.DependencyCache$6.visit(DependencyCache.java:416)
	at org.omnetpp.cdt.cache.DependencyCache$4.visit(DependencyCache.java:372)
	at org.eclipse.core.internal.resources.Resource$2.visit(Resource.java:126)
	at org.eclipse.core.internal.resources.Resource$1.visitElement(Resource.java:85)
	at org.eclipse.core.internal.watson.ElementTreeIterator.doIteration(ElementTreeIterator.java:82)
	at org.eclipse.core.internal.watson.ElementTreeIterator.doIteration(ElementTreeIterator.java:86)
	at org.eclipse.core.internal.watson.ElementTreeIterator.doIteration(ElementTreeIterator.java:86)
	at org.eclipse.core.internal.watson.ElementTreeIterator.doIteration(ElementTreeIterator.java:86)
	at org.eclipse.core.internal.watson.ElementTreeIterator.doIteration(ElementTreeIterator.java:86)
	at org.eclipse.core.internal.watson.ElementTreeIterator.doIteration(ElementTreeIterator.java:86)
	at org.eclipse.core.internal.watson.ElementTreeIterator.iterate(ElementTreeIterator.java:127)
	at org.eclipse.core.internal.resources.Resource.accept(Resource.java:95)
	at org.eclipse.core.internal.resources.Resource.accept(Resource.java:52)
	at org.eclipse.core.internal.resources.Resource.accept(Resource.java:124)
	at org.eclipse.core.internal.resources.Resource.accept(Resource.java:108)
	at org.omnetpp.cdt.cache.DependencyCache.visitNonGeneratedSourceFiles(DependencyCache.java:357)
	at org.omnetpp.cdt.cache.DependencyCache.collectIncludeStatementsInProject(DependencyCache.java:403)
	at org.omnetpp.cdt.cache.DependencyCache.computeCachedData(DependencyCache.java:312)
	at org.omnetpp.cdt.cache.DependencyCache.getCrossFolderDependencies(DependencyCache.java:243)
	at org.omnetpp.cdt.build.MetaMakemake.translateOptions(MetaMakemake.java:75)
	at org.omnetpp.cdt.build.MetaMakemake.generateMakefile(MetaMakemake.java:56)
	at org.omnetpp.cdt.build.MakefileBuilder.generateMakefileFor(MakefileBuilder.java:354)
	at org.omnetpp.cdt.build.MakefileBuilder.generateMakefiles(MakefileBuilder.java:337)
	at org.omnetpp.cdt.build.MakefileBuilder.build(MakefileBuilder.java:77)
	at org.eclipse.core.internal.events.BuildManager$2.run(BuildManager.java:734)
	at org.eclipse.core.runtime.SafeRunner.run(SafeRunner.java:42)
	at org.eclipse.core.internal.events.BuildManager.basicBuild(BuildManager.java:206)
	at org.eclipse.core.internal.events.BuildManager.basicBuild(BuildManager.java:246)
	at org.eclipse.core.internal.events.BuildManager$1.run(BuildManager.java:299)
	at org.eclipse.core.runtime.SafeRunner.run(SafeRunner.java:42)
	at org.eclipse.core.internal.events.BuildManager.basicBuild(BuildManager.java:302)
	at org.eclipse.core.internal.events.BuildManager.basicBuildLoop(BuildManager.java:358)
	at org.eclipse.core.internal.events.BuildManager.build(BuildManager.java:381)
	at org.eclipse.core.internal.resources.Workspace.buildInternal(Workspace.java:496)
	at org.eclipse.core.internal.resources.Workspace.build(Workspace.java:405)
	at org.eclipse.debug.internal.core.LaunchConfiguration.launch(LaunchConfiguration.java:859)
	at org.eclipse.debug.internal.core.LaunchConfiguration.launch(LaunchConfiguration.java:739)
	at org.eclipse.debug.internal.ui.DebugUIPlugin.buildAndLaunch(DebugUIPlugin.java:1039)
	at org.eclipse.debug.internal.ui.DebugUIPlugin$8.run(DebugUIPlugin.java:1256)
	at org.eclipse.core.internal.jobs.Worker.run(Worker.java:54)

!ENTRY org.eclipse.cdt.core 2 0 2017-10-30 16:58:42.225
!MESSAGE Error getting ScannerInfo: Unable to determine language for resource L/inet-framework-simulte-afd56c4/src/stack/rlc/am/packet/LteRlcAmSdu.msg
!STACK 0
java.lang.Exception
	at org.eclipse.cdt.internal.core.language.settings.providers.LanguageSettingsScannerInfoProvider.getScannerInformation(LanguageSettingsScannerInfoProvider.java:86)
	at org.eclipse.cdt.internal.core.language.settings.providers.LanguageSettingsScannerInfoProvider.getScannerInformation(LanguageSettingsScannerInfoProvider.java:1)
	at org.omnetpp.cdt.cache.CppScanner.getScannerInfo(CppScanner.java:136)
	at org.omnetpp.cdt.cache.CppScanner.<init>(CppScanner.java:119)
	at org.omnetpp.cdt.cache.DependencyCache.collectFileIncludeStatements(DependencyCache.java:451)
	at org.omnetpp.cdt.cache.DependencyCache$6.visit(DependencyCache.java:416)
	at org.omnetpp.cdt.cache.DependencyCache$4.visit(DependencyCache.java:372)
	at org.eclipse.core.internal.resources.Resource$2.visit(Resource.java:126)
	at org.eclipse.core.internal.resources.Resource$1.visitElement(Resource.java:85)
	at org.eclipse.core.internal.watson.ElementTreeIterator.doIteration(ElementTreeIterator.java:82)
	at org.eclipse.core.internal.watson.ElementTreeIterator.doIteration(ElementTreeIterator.java:86)
	at org.eclipse.core.internal.watson.ElementTreeIterator.doIteration(ElementTreeIterator.java:86)
	at org.eclipse.core.internal.watson.ElementTreeIterator.doIteration(ElementTreeIterator.java:86)
	at org.eclipse.core.internal.watson.ElementTreeIterator.doIteration(ElementTreeIterator.java:86)
	at org.eclipse.core.internal.watson.ElementTreeIterator.doIteration(ElementTreeIterator.java:86)
	at org.eclipse.core.internal.watson.ElementTreeIterator.doIteration(ElementTreeIterator.java:86)
	at org.eclipse.core.internal.watson.ElementTreeIterator.iterate(ElementTreeIterator.java:127)
	at org.eclipse.core.internal.resources.Resource.accept(Resource.java:95)
	at org.eclipse.core.internal.resources.Resource.accept(Resource.java:52)
	at org.eclipse.core.internal.resources.Resource.accept(Resource.java:124)
	at org.eclipse.core.internal.resources.Resource.accept(Resource.java:108)
	at org.omnetpp.cdt.cache.DependencyCache.visitNonGeneratedSourceFiles(DependencyCache.java:357)
	at org.omnetpp.cdt.cache.DependencyCache.collectIncludeStatementsInProject(DependencyCache.java:403)
	at org.omnetpp.cdt.cache.DependencyCache.computeCachedData(DependencyCache.java:312)
	at org.omnetpp.cdt.cache.DependencyCache.getCrossFolderDependencies(DependencyCache.java:243)
	at org.omnetpp.cdt.build.MetaMakemake.translateOptions(MetaMakemake.java:75)
	at org.omnetpp.cdt.build.MetaMakemake.generateMakefile(MetaMakemake.java:56)
	at org.omnetpp.cdt.build.MakefileBuilder.generateMakefileFor(MakefileBuilder.java:354)
	at org.omnetpp.cdt.build.MakefileBuilder.generateMakefiles(MakefileBuilder.java:337)
	at org.omnetpp.cdt.build.MakefileBuilder.build(MakefileBuilder.java:77)
	at org.eclipse.core.internal.events.BuildManager$2.run(BuildManager.java:734)
	at org.eclipse.core.runtime.SafeRunner.run(SafeRunner.java:42)
	at org.eclipse.core.internal.events.BuildManager.basicBuild(BuildManager.java:206)
	at org.eclipse.core.internal.events.BuildManager.basicBuild(BuildManager.java:246)
	at org.eclipse.core.internal.events.BuildManager$1.run(BuildManager.java:299)
	at org.eclipse.core.runtime.SafeRunner.run(SafeRunner.java:42)
	at org.eclipse.core.internal.events.BuildManager.basicBuild(BuildManager.java:302)
	at org.eclipse.core.internal.events.BuildManager.basicBuildLoop(BuildManager.java:358)
	at org.eclipse.core.internal.events.BuildManager.build(BuildManager.java:381)
	at org.eclipse.core.internal.resources.Workspace.buildInternal(Workspace.java:496)
	at org.eclipse.core.internal.resources.Workspace.build(Workspace.java:405)
	at org.eclipse.debug.internal.core.LaunchConfiguration.launch(LaunchConfiguration.java:859)
	at org.eclipse.debug.internal.core.LaunchConfiguration.launch(LaunchConfiguration.java:739)
	at org.eclipse.debug.internal.ui.DebugUIPlugin.buildAndLaunch(DebugUIPlugin.java:1039)
	at org.eclipse.debug.internal.ui.DebugUIPlugin$8.run(DebugUIPlugin.java:1256)
	at org.eclipse.core.internal.jobs.Worker.run(Worker.java:54)

!ENTRY org.eclipse.cdt.core 2 0 2017-10-30 16:58:42.225
!MESSAGE Error getting ScannerInfo: Unable to determine language for resource L/inet-framework-simulte-afd56c4/src/stack/rlc/am/packet/LteRlcAmPdu.msg
!STACK 0
java.lang.Exception
	at org.eclipse.cdt.internal.core.language.settings.providers.LanguageSettingsScannerInfoProvider.getScannerInformation(LanguageSettingsScannerInfoProvider.java:86)
	at org.eclipse.cdt.internal.core.language.settings.providers.LanguageSettingsScannerInfoProvider.getScannerInformation(LanguageSettingsScannerInfoProvider.java:1)
	at org.omnetpp.cdt.cache.CppScanner.getScannerInfo(CppScanner.java:136)
	at org.omnetpp.cdt.cache.CppScanner.<init>(CppScanner.java:119)
	at org.omnetpp.cdt.cache.DependencyCache.collectFileIncludeStatements(DependencyCache.java:451)
	at org.omnetpp.cdt.cache.DependencyCache$6.visit(DependencyCache.java:416)
	at org.omnetpp.cdt.cache.DependencyCache$4.visit(DependencyCache.java:372)
	at org.eclipse.core.internal.resources.Resource$2.visit(Resource.java:126)
	at org.eclipse.core.internal.resources.Resource$1.visitElement(Resource.java:85)
	at org.eclipse.core.internal.watson.ElementTreeIterator.doIteration(ElementTreeIterator.java:82)
	at org.eclipse.core.internal.watson.ElementTreeIterator.doIteration(ElementTreeIterator.java:86)
	at org.eclipse.core.internal.watson.ElementTreeIterator.doIteration(ElementTreeIterator.java:86)
	at org.eclipse.core.internal.watson.ElementTreeIterator.doIteration(ElementTreeIterator.java:86)
	at org.eclipse.core.internal.watson.ElementTreeIterator.doIteration(ElementTreeIterator.java:86)
	at org.eclipse.core.internal.watson.ElementTreeIterator.doIteration(ElementTreeIterator.java:86)
	at org.eclipse.core.internal.watson.ElementTreeIterator.doIteration(ElementTreeIterator.java:86)
	at org.eclipse.core.internal.watson.ElementTreeIterator.iterate(ElementTreeIterator.java:127)
	at org.eclipse.core.internal.resources.Resource.accept(Resource.java:95)
	at org.eclipse.core.internal.resources.Resource.accept(Resource.java:52)
	at org.eclipse.core.internal.resources.Resource.accept(Resource.java:124)
	at org.eclipse.core.internal.resources.Resource.accept(Resource.java:108)
	at org.omnetpp.cdt.cache.DependencyCache.visitNonGeneratedSourceFiles(DependencyCache.java:357)
	at org.omnetpp.cdt.cache.DependencyCache.collectIncludeStatementsInProject(DependencyCache.java:403)
	at org.omnetpp.cdt.cache.DependencyCache.computeCachedData(DependencyCache.java:312)
	at org.omnetpp.cdt.cache.DependencyCache.getCrossFolderDependencies(DependencyCache.java:243)
	at org.omnetpp.cdt.build.MetaMakemake.translateOptions(MetaMakemake.java:75)
	at org.omnetpp.cdt.build.MetaMakemake.generateMakefile(MetaMakemake.java:56)
	at org.omnetpp.cdt.build.MakefileBuilder.generateMakefileFor(MakefileBuilder.java:354)
	at org.omnetpp.cdt.build.MakefileBuilder.generateMakefiles(MakefileBuilder.java:337)
	at org.omnetpp.cdt.build.MakefileBuilder.build(MakefileBuilder.java:77)
	at org.eclipse.core.internal.events.BuildManager$2.run(BuildManager.java:734)
	at org.eclipse.core.runtime.SafeRunner.run(SafeRunner.java:42)
	at org.eclipse.core.internal.events.BuildManager.basicBuild(BuildManager.java:206)
	at org.eclipse.core.internal.events.BuildManager.basicBuild(BuildManager.java:246)
	at org.eclipse.core.internal.events.BuildManager$1.run(BuildManager.java:299)
	at org.eclipse.core.runtime.SafeRunner.run(SafeRunner.java:42)
	at org.eclipse.core.internal.events.BuildManager.basicBuild(BuildManager.java:302)
	at org.eclipse.core.internal.events.BuildManager.basicBuildLoop(BuildManager.java:358)
	at org.eclipse.core.internal.events.BuildManager.build(BuildManager.java:381)
	at org.eclipse.core.internal.resources.Workspace.buildInternal(Workspace.java:496)
	at org.eclipse.core.internal.resources.Workspace.build(Workspace.java:405)
	at org.eclipse.debug.internal.core.LaunchConfiguration.launch(LaunchConfiguration.java:859)
	at org.eclipse.debug.internal.core.LaunchConfiguration.launch(LaunchConfiguration.java:739)
	at org.eclipse.debug.internal.ui.DebugUIPlugin.buildAndLaunch(DebugUIPlugin.java:1039)
	at org.eclipse.debug.internal.ui.DebugUIPlugin$8.run(DebugUIPlugin.java:1256)
	at org.eclipse.core.internal.jobs.Worker.run(Worker.java:54)

!ENTRY org.eclipse.cdt.core 2 0 2017-10-30 16:58:42.344
!MESSAGE Error getting ScannerInfo: Unable to determine language for resource L/inet-framework-simulte-afd56c4/src/stack/phy/packet/LteFeedbackPkt.msg
!STACK 0
java.lang.Exception
	at org.eclipse.cdt.internal.core.language.settings.providers.LanguageSettingsScannerInfoProvider.getScannerInformation(LanguageSettingsScannerInfoProvider.java:86)
	at org.eclipse.cdt.internal.core.language.settings.providers.LanguageSettingsScannerInfoProvider.getScannerInformation(LanguageSettingsScannerInfoProvider.java:1)
	at org.omnetpp.cdt.cache.CppScanner.getScannerInfo(CppScanner.java:136)
	at org.omnetpp.cdt.cache.CppScanner.<init>(CppScanner.java:119)
	at org.omnetpp.cdt.cache.DependencyCache.collectFileIncludeStatements(DependencyCache.java:451)
	at org.omnetpp.cdt.cache.DependencyCache$6.visit(DependencyCache.java:416)
	at org.omnetpp.cdt.cache.DependencyCache$4.visit(DependencyCache.java:372)
	at org.eclipse.core.internal.resources.Resource$2.visit(Resource.java:126)
	at org.eclipse.core.internal.resources.Resource$1.visitElement(Resource.java:85)
	at org.eclipse.core.internal.watson.ElementTreeIterator.doIteration(ElementTreeIterator.java:82)
	at org.eclipse.core.internal.watson.ElementTreeIterator.doIteration(ElementTreeIterator.java:86)
	at org.eclipse.core.internal.watson.ElementTreeIterator.doIteration(ElementTreeIterator.java:86)
	at org.eclipse.core.internal.watson.ElementTreeIterator.doIteration(ElementTreeIterator.java:86)
	at org.eclipse.core.internal.watson.ElementTreeIterator.doIteration(ElementTreeIterator.java:86)
	at org.eclipse.core.internal.watson.ElementTreeIterator.doIteration(ElementTreeIterator.java:86)
	at org.eclipse.core.internal.watson.ElementTreeIterator.iterate(ElementTreeIterator.java:127)
	at org.eclipse.core.internal.resources.Resource.accept(Resource.java:95)
	at org.eclipse.core.internal.resources.Resource.accept(Resource.java:52)
	at org.eclipse.core.internal.resources.Resource.accept(Resource.java:124)
	at org.eclipse.core.internal.resources.Resource.accept(Resource.java:108)
	at org.omnetpp.cdt.cache.DependencyCache.visitNonGeneratedSourceFiles(DependencyCache.java:357)
	at org.omnetpp.cdt.cache.DependencyCache.collectIncludeStatementsInProject(DependencyCache.java:403)
	at org.omnetpp.cdt.cache.DependencyCache.computeCachedData(DependencyCache.java:312)
	at org.omnetpp.cdt.cache.DependencyCache.getCrossFolderDependencies(DependencyCache.java:243)
	at org.omnetpp.cdt.build.MetaMakemake.translateOptions(MetaMakemake.java:75)
	at org.omnetpp.cdt.build.MetaMakemake.generateMakefile(MetaMakemake.java:56)
	at org.omnetpp.cdt.build.MakefileBuilder.generateMakefileFor(MakefileBuilder.java:354)
	at org.omnetpp.cdt.build.MakefileBuilder.generateMakefiles(MakefileBuilder.java:337)
	at org.omnetpp.cdt.build.MakefileBuilder.build(MakefileBuilder.java:77)
	at org.eclipse.core.internal.events.BuildManager$2.run(BuildManager.java:734)
	at org.eclipse.core.runtime.SafeRunner.run(SafeRunner.java:42)
	at org.eclipse.core.internal.events.BuildManager.basicBuild(BuildManager.java:206)
	at org.eclipse.core.internal.events.BuildManager.basicBuild(BuildManager.java:246)
	at org.eclipse.core.internal.events.BuildManager$1.run(BuildManager.java:299)
	at org.eclipse.core.runtime.SafeRunner.run(SafeRunner.java:42)
	at org.eclipse.core.internal.events.BuildManager.basicBuild(BuildManager.java:302)
	at org.eclipse.core.internal.events.BuildManager.basicBuildLoop(BuildManager.java:358)
	at org.eclipse.core.internal.events.BuildManager.build(BuildManager.java:381)
	at org.eclipse.core.internal.resources.Workspace.buildInternal(Workspace.java:496)
	at org.eclipse.core.internal.resources.Workspace.build(Workspace.java:405)
	at org.eclipse.debug.internal.core.LaunchConfiguration.launch(LaunchConfiguration.java:859)
	at org.eclipse.debug.internal.core.LaunchConfiguration.launch(LaunchConfiguration.java:739)
	at org.eclipse.debug.internal.ui.DebugUIPlugin.buildAndLaunch(DebugUIPlugin.java:1039)
	at org.eclipse.debug.internal.ui.DebugUIPlugin$8.run(DebugUIPlugin.java:1256)
	at org.eclipse.core.internal.jobs.Worker.run(Worker.java:54)

!ENTRY org.eclipse.cdt.core 2 0 2017-10-30 16:58:42.371
!MESSAGE Error getting ScannerInfo: Unable to determine language for resource L/inet-framework-simulte-afd56c4/src/stack/phy/packet/LteAirFrame.msg
!STACK 0
java.lang.Exception
	at org.eclipse.cdt.internal.core.language.settings.providers.LanguageSettingsScannerInfoProvider.getScannerInformation(LanguageSettingsScannerInfoProvider.java:86)
	at org.eclipse.cdt.internal.core.language.settings.providers.LanguageSettingsScannerInfoProvider.getScannerInformation(LanguageSettingsScannerInfoProvider.java:1)
	at org.omnetpp.cdt.cache.CppScanner.getScannerInfo(CppScanner.java:136)
	at org.omnetpp.cdt.cache.CppScanner.<init>(CppScanner.java:119)
	at org.omnetpp.cdt.cache.DependencyCache.collectFileIncludeStatements(DependencyCache.java:451)
	at org.omnetpp.cdt.cache.DependencyCache$6.visit(DependencyCache.java:416)
	at org.omnetpp.cdt.cache.DependencyCache$4.visit(DependencyCache.java:372)
	at org.eclipse.core.internal.resources.Resource$2.visit(Resource.java:126)
	at org.eclipse.core.internal.resources.Resource$1.visitElement(Resource.java:85)
	at org.eclipse.core.internal.watson.ElementTreeIterator.doIteration(ElementTreeIterator.java:82)
	at org.eclipse.core.internal.watson.ElementTreeIterator.doIteration(ElementTreeIterator.java:86)
	at org.eclipse.core.internal.watson.ElementTreeIterator.doIteration(ElementTreeIterator.java:86)
	at org.eclipse.core.internal.watson.ElementTreeIterator.doIteration(ElementTreeIterator.java:86)
	at org.eclipse.core.internal.watson.ElementTreeIterator.doIteration(ElementTreeIterator.java:86)
	at org.eclipse.core.internal.watson.ElementTreeIterator.doIteration(ElementTreeIterator.java:86)
	at org.eclipse.core.internal.watson.ElementTreeIterator.iterate(ElementTreeIterator.java:127)
	at org.eclipse.core.internal.resources.Resource.accept(Resource.java:95)
	at org.eclipse.core.internal.resources.Resource.accept(Resource.java:52)
	at org.eclipse.core.internal.resources.Resource.accept(Resource.java:124)
	at org.eclipse.core.internal.resources.Resource.accept(Resource.java:108)
	at org.omnetpp.cdt.cache.DependencyCache.visitNonGeneratedSourceFiles(DependencyCache.java:357)
	at org.omnetpp.cdt.cache.DependencyCache.collectIncludeStatementsInProject(DependencyCache.java:403)
	at org.omnetpp.cdt.cache.DependencyCache.computeCachedData(DependencyCache.java:312)
	at org.omnetpp.cdt.cache.DependencyCache.getCrossFolderDependencies(DependencyCache.java:243)
	at org.omnetpp.cdt.build.MetaMakemake.translateOptions(MetaMakemake.java:75)
	at org.omnetpp.cdt.build.MetaMakemake.generateMakefile(MetaMakemake.java:56)
	at org.omnetpp.cdt.build.MakefileBuilder.generateMakefileFor(MakefileBuilder.java:354)
	at org.omnetpp.cdt.build.MakefileBuilder.generateMakefiles(MakefileBuilder.java:337)
	at org.omnetpp.cdt.build.MakefileBuilder.build(MakefileBuilder.java:77)
	at org.eclipse.core.internal.events.BuildManager$2.run(BuildManager.java:734)
	at org.eclipse.core.runtime.SafeRunner.run(SafeRunner.java:42)
	at org.eclipse.core.internal.events.BuildManager.basicBuild(BuildManager.java:206)
	at org.eclipse.core.internal.events.BuildManager.basicBuild(BuildManager.java:246)
	at org.eclipse.core.internal.events.BuildManager$1.run(BuildManager.java:299)
	at org.eclipse.core.runtime.SafeRunner.run(SafeRunner.java:42)
	at org.eclipse.core.internal.events.BuildManager.basicBuild(BuildManager.java:302)
	at org.eclipse.core.internal.events.BuildManager.basicBuildLoop(BuildManager.java:358)
	at org.eclipse.core.internal.events.BuildManager.build(BuildManager.java:381)
	at org.eclipse.core.internal.resources.Workspace.buildInternal(Workspace.java:496)
	at org.eclipse.core.internal.resources.Workspace.build(Workspace.java:405)
	at org.eclipse.debug.internal.core.LaunchConfiguration.launch(LaunchConfiguration.java:859)
	at org.eclipse.debug.internal.core.LaunchConfiguration.launch(LaunchConfiguration.java:739)
	at org.eclipse.debug.internal.ui.DebugUIPlugin.buildAndLaunch(DebugUIPlugin.java:1039)
	at org.eclipse.debug.internal.ui.DebugUIPlugin$8.run(DebugUIPlugin.java:1256)
	at org.eclipse.core.internal.jobs.Worker.run(Worker.java:54)

!ENTRY org.eclipse.cdt.core 2 0 2017-10-30 16:58:42.397
!MESSAGE Error getting ScannerInfo: Unable to determine language for resource L/inet-framework-simulte-afd56c4/src/stack/phy/packet/AirFrame.msg
!STACK 0
java.lang.Exception
	at org.eclipse.cdt.internal.core.language.settings.providers.LanguageSettingsScannerInfoProvider.getScannerInformation(LanguageSettingsScannerInfoProvider.java:86)
	at org.eclipse.cdt.internal.core.language.settings.providers.LanguageSettingsScannerInfoProvider.getScannerInformation(LanguageSettingsScannerInfoProvider.java:1)
	at org.omnetpp.cdt.cache.CppScanner.getScannerInfo(CppScanner.java:136)
	at org.omnetpp.cdt.cache.CppScanner.<init>(CppScanner.java:119)
	at org.omnetpp.cdt.cache.DependencyCache.collectFileIncludeStatements(DependencyCache.java:451)
	at org.omnetpp.cdt.cache.DependencyCache$6.visit(DependencyCache.java:416)
	at org.omnetpp.cdt.cache.DependencyCache$4.visit(DependencyCache.java:372)
	at org.eclipse.core.internal.resources.Resource$2.visit(Resource.java:126)
	at org.eclipse.core.internal.resources.Resource$1.visitElement(Resource.java:85)
	at org.eclipse.core.internal.watson.ElementTreeIterator.doIteration(ElementTreeIterator.java:82)
	at org.eclipse.core.internal.watson.ElementTreeIterator.doIteration(ElementTreeIterator.java:86)
	at org.eclipse.core.internal.watson.ElementTreeIterator.doIteration(ElementTreeIterator.java:86)
	at org.eclipse.core.internal.watson.ElementTreeIterator.doIteration(ElementTreeIterator.java:86)
	at org.eclipse.core.internal.watson.ElementTreeIterator.doIteration(ElementTreeIterator.java:86)
	at org.eclipse.core.internal.watson.ElementTreeIterator.doIteration(ElementTreeIterator.java:86)
	at org.eclipse.core.internal.watson.ElementTreeIterator.iterate(ElementTreeIterator.java:127)
	at org.eclipse.core.internal.resources.Resource.accept(Resource.java:95)
	at org.eclipse.core.internal.resources.Resource.accept(Resource.java:52)
	at org.eclipse.core.internal.resources.Resource.accept(Resource.java:124)
	at org.eclipse.core.internal.resources.Resource.accept(Resource.java:108)
	at org.omnetpp.cdt.cache.DependencyCache.visitNonGeneratedSourceFiles(DependencyCache.java:357)
	at org.omnetpp.cdt.cache.DependencyCache.collectIncludeStatementsInProject(DependencyCache.java:403)
	at org.omnetpp.cdt.cache.DependencyCache.computeCachedData(DependencyCache.java:312)
	at org.omnetpp.cdt.cache.DependencyCache.getCrossFolderDependencies(DependencyCache.java:243)
	at org.omnetpp.cdt.build.MetaMakemake.translateOptions(MetaMakemake.java:75)
	at org.omnetpp.cdt.build.MetaMakemake.generateMakefile(MetaMakemake.java:56)
	at org.omnetpp.cdt.build.MakefileBuilder.generateMakefileFor(MakefileBuilder.java:354)
	at org.omnetpp.cdt.build.MakefileBuilder.generateMakefiles(MakefileBuilder.java:337)
	at org.omnetpp.cdt.build.MakefileBuilder.build(MakefileBuilder.java:77)
	at org.eclipse.core.internal.events.BuildManager$2.run(BuildManager.java:734)
	at org.eclipse.core.runtime.SafeRunner.run(SafeRunner.java:42)
	at org.eclipse.core.internal.events.BuildManager.basicBuild(BuildManager.java:206)
	at org.eclipse.core.internal.events.BuildManager.basicBuild(BuildManager.java:246)
	at org.eclipse.core.internal.events.BuildManager$1.run(BuildManager.java:299)
	at org.eclipse.core.runtime.SafeRunner.run(SafeRunner.java:42)
	at org.eclipse.core.internal.events.BuildManager.basicBuild(BuildManager.java:302)
	at org.eclipse.core.internal.events.BuildManager.basicBuildLoop(BuildManager.java:358)
	at org.eclipse.core.internal.events.BuildManager.build(BuildManager.java:381)
	at org.eclipse.core.internal.resources.Workspace.buildInternal(Workspace.java:496)
	at org.eclipse.core.internal.resources.Workspace.build(Workspace.java:405)
	at org.eclipse.debug.internal.core.LaunchConfiguration.launch(LaunchConfiguration.java:859)
	at org.eclipse.debug.internal.core.LaunchConfiguration.launch(LaunchConfiguration.java:739)
	at org.eclipse.debug.internal.ui.DebugUIPlugin.buildAndLaunch(DebugUIPlugin.java:1039)
	at org.eclipse.debug.internal.ui.DebugUIPlugin$8.run(DebugUIPlugin.java:1256)
	at org.eclipse.core.internal.jobs.Worker.run(Worker.java:54)

!ENTRY org.eclipse.cdt.core 2 0 2017-10-30 16:58:42.712
!MESSAGE Error getting ScannerInfo: Unable to determine language for resource L/inet-framework-simulte-afd56c4/src/stack/pdcp_rrc/packet/LtePdcpPdu.msg
!STACK 0
java.lang.Exception
	at org.eclipse.cdt.internal.core.language.settings.providers.LanguageSettingsScannerInfoProvider.getScannerInformation(LanguageSettingsScannerInfoProvider.java:86)
	at org.eclipse.cdt.internal.core.language.settings.providers.LanguageSettingsScannerInfoProvider.getScannerInformation(LanguageSettingsScannerInfoProvider.java:1)
	at org.omnetpp.cdt.cache.CppScanner.getScannerInfo(CppScanner.java:136)
	at org.omnetpp.cdt.cache.CppScanner.<init>(CppScanner.java:119)
	at org.omnetpp.cdt.cache.DependencyCache.collectFileIncludeStatements(DependencyCache.java:451)
	at org.omnetpp.cdt.cache.DependencyCache$6.visit(DependencyCache.java:416)
	at org.omnetpp.cdt.cache.DependencyCache$4.visit(DependencyCache.java:372)
	at org.eclipse.core.internal.resources.Resource$2.visit(Resource.java:126)
	at org.eclipse.core.internal.resources.Resource$1.visitElement(Resource.java:85)
	at org.eclipse.core.internal.watson.ElementTreeIterator.doIteration(ElementTreeIterator.java:82)
	at org.eclipse.core.internal.watson.ElementTreeIterator.doIteration(ElementTreeIterator.java:86)
	at org.eclipse.core.internal.watson.ElementTreeIterator.doIteration(ElementTreeIterator.java:86)
	at org.eclipse.core.internal.watson.ElementTreeIterator.doIteration(ElementTreeIterator.java:86)
	at org.eclipse.core.internal.watson.ElementTreeIterator.doIteration(ElementTreeIterator.java:86)
	at org.eclipse.core.internal.watson.ElementTreeIterator.doIteration(ElementTreeIterator.java:86)
	at org.eclipse.core.internal.watson.ElementTreeIterator.iterate(ElementTreeIterator.java:127)
	at org.eclipse.core.internal.resources.Resource.accept(Resource.java:95)
	at org.eclipse.core.internal.resources.Resource.accept(Resource.java:52)
	at org.eclipse.core.internal.resources.Resource.accept(Resource.java:124)
	at org.eclipse.core.internal.resources.Resource.accept(Resource.java:108)
	at org.omnetpp.cdt.cache.DependencyCache.visitNonGeneratedSourceFiles(DependencyCache.java:357)
	at org.omnetpp.cdt.cache.DependencyCache.collectIncludeStatementsInProject(DependencyCache.java:403)
	at org.omnetpp.cdt.cache.DependencyCache.computeCachedData(DependencyCache.java:312)
	at org.omnetpp.cdt.cache.DependencyCache.getCrossFolderDependencies(DependencyCache.java:243)
	at org.omnetpp.cdt.build.MetaMakemake.translateOptions(MetaMakemake.java:75)
	at org.omnetpp.cdt.build.MetaMakemake.generateMakefile(MetaMakemake.java:56)
	at org.omnetpp.cdt.build.MakefileBuilder.generateMakefileFor(MakefileBuilder.java:354)
	at org.omnetpp.cdt.build.MakefileBuilder.generateMakefiles(MakefileBuilder.java:337)
	at org.omnetpp.cdt.build.MakefileBuilder.build(MakefileBuilder.java:77)
	at org.eclipse.core.internal.events.BuildManager$2.run(BuildManager.java:734)
	at org.eclipse.core.runtime.SafeRunner.run(SafeRunner.java:42)
	at org.eclipse.core.internal.events.BuildManager.basicBuild(BuildManager.java:206)
	at org.eclipse.core.internal.events.BuildManager.basicBuild(BuildManager.java:246)
	at org.eclipse.core.internal.events.BuildManager$1.run(BuildManager.java:299)
	at org.eclipse.core.runtime.SafeRunner.run(SafeRunner.java:42)
	at org.eclipse.core.internal.events.BuildManager.basicBuild(BuildManager.java:302)
	at org.eclipse.core.internal.events.BuildManager.basicBuildLoop(BuildManager.java:358)
	at org.eclipse.core.internal.events.BuildManager.build(BuildManager.java:381)
	at org.eclipse.core.internal.resources.Workspace.buildInternal(Workspace.java:496)
	at org.eclipse.core.internal.resources.Workspace.build(Workspace.java:405)
	at org.eclipse.debug.internal.core.LaunchConfiguration.launch(LaunchConfiguration.java:859)
	at org.eclipse.debug.internal.core.LaunchConfiguration.launch(LaunchConfiguration.java:739)
	at org.eclipse.debug.internal.ui.DebugUIPlugin.buildAndLaunch(DebugUIPlugin.java:1039)
	at org.eclipse.debug.internal.ui.DebugUIPlugin$8.run(DebugUIPlugin.java:1256)
	at org.eclipse.core.internal.jobs.Worker.run(Worker.java:54)

!ENTRY org.eclipse.cdt.core 2 0 2017-10-30 16:58:43.113
!MESSAGE Error getting ScannerInfo: Unable to determine language for resource L/inet-framework-simulte-afd56c4/src/stack/mac/packet/LteSchedulingGrant.msg
!STACK 0
java.lang.Exception
	at org.eclipse.cdt.internal.core.language.settings.providers.LanguageSettingsScannerInfoProvider.getScannerInformation(LanguageSettingsScannerInfoProvider.java:86)
	at org.eclipse.cdt.internal.core.language.settings.providers.LanguageSettingsScannerInfoProvider.getScannerInformation(LanguageSettingsScannerInfoProvider.java:1)
	at org.omnetpp.cdt.cache.CppScanner.getScannerInfo(CppScanner.java:136)
	at org.omnetpp.cdt.cache.CppScanner.<init>(CppScanner.java:119)
	at org.omnetpp.cdt.cache.DependencyCache.collectFileIncludeStatements(DependencyCache.java:451)
	at org.omnetpp.cdt.cache.DependencyCache$6.visit(DependencyCache.java:416)
	at org.omnetpp.cdt.cache.DependencyCache$4.visit(DependencyCache.java:372)
	at org.eclipse.core.internal.resources.Resource$2.visit(Resource.java:126)
	at org.eclipse.core.internal.resources.Resource$1.visitElement(Resource.java:85)
	at org.eclipse.core.internal.watson.ElementTreeIterator.doIteration(ElementTreeIterator.java:82)
	at org.eclipse.core.internal.watson.ElementTreeIterator.doIteration(ElementTreeIterator.java:86)
	at org.eclipse.core.internal.watson.ElementTreeIterator.doIteration(ElementTreeIterator.java:86)
	at org.eclipse.core.internal.watson.ElementTreeIterator.doIteration(ElementTreeIterator.java:86)
	at org.eclipse.core.internal.watson.ElementTreeIterator.doIteration(ElementTreeIterator.java:86)
	at org.eclipse.core.internal.watson.ElementTreeIterator.doIteration(ElementTreeIterator.java:86)
	at org.eclipse.core.internal.watson.ElementTreeIterator.iterate(ElementTreeIterator.java:127)
	at org.eclipse.core.internal.resources.Resource.accept(Resource.java:95)
	at org.eclipse.core.internal.resources.Resource.accept(Resource.java:52)
	at org.eclipse.core.internal.resources.Resource.accept(Resource.java:124)
	at org.eclipse.core.internal.resources.Resource.accept(Resource.java:108)
	at org.omnetpp.cdt.cache.DependencyCache.visitNonGeneratedSourceFiles(DependencyCache.java:357)
	at org.omnetpp.cdt.cache.DependencyCache.collectIncludeStatementsInProject(DependencyCache.java:403)
	at org.omnetpp.cdt.cache.DependencyCache.computeCachedData(DependencyCache.java:312)
	at org.omnetpp.cdt.cache.DependencyCache.getCrossFolderDependencies(DependencyCache.java:243)
	at org.omnetpp.cdt.build.MetaMakemake.translateOptions(MetaMakemake.java:75)
	at org.omnetpp.cdt.build.MetaMakemake.generateMakefile(MetaMakemake.java:56)
	at org.omnetpp.cdt.build.MakefileBuilder.generateMakefileFor(MakefileBuilder.java:354)
	at org.omnetpp.cdt.build.MakefileBuilder.generateMakefiles(MakefileBuilder.java:337)
	at org.omnetpp.cdt.build.MakefileBuilder.build(MakefileBuilder.java:77)
	at org.eclipse.core.internal.events.BuildManager$2.run(BuildManager.java:734)
	at org.eclipse.core.runtime.SafeRunner.run(SafeRunner.java:42)
	at org.eclipse.core.internal.events.BuildManager.basicBuild(BuildManager.java:206)
	at org.eclipse.core.internal.events.BuildManager.basicBuild(BuildManager.java:246)
	at org.eclipse.core.internal.events.BuildManager$1.run(BuildManager.java:299)
	at org.eclipse.core.runtime.SafeRunner.run(SafeRunner.java:42)
	at org.eclipse.core.internal.events.BuildManager.basicBuild(BuildManager.java:302)
	at org.eclipse.core.internal.events.BuildManager.basicBuildLoop(BuildManager.java:358)
	at org.eclipse.core.internal.events.BuildManager.build(BuildManager.java:381)
	at org.eclipse.core.internal.resources.Workspace.buildInternal(Workspace.java:496)
	at org.eclipse.core.internal.resources.Workspace.build(Workspace.java:405)
	at org.eclipse.debug.internal.core.LaunchConfiguration.launch(LaunchConfiguration.java:859)
	at org.eclipse.debug.internal.core.LaunchConfiguration.launch(LaunchConfiguration.java:739)
	at org.eclipse.debug.internal.ui.DebugUIPlugin.buildAndLaunch(DebugUIPlugin.java:1039)
	at org.eclipse.debug.internal.ui.DebugUIPlugin$8.run(DebugUIPlugin.java:1256)
	at org.eclipse.core.internal.jobs.Worker.run(Worker.java:54)

!ENTRY org.eclipse.cdt.core 2 0 2017-10-30 16:58:43.114
!MESSAGE Error getting ScannerInfo: Unable to determine language for resource L/inet-framework-simulte-afd56c4/src/stack/mac/packet/LteRac.msg
!STACK 0
java.lang.Exception
	at org.eclipse.cdt.internal.core.language.settings.providers.LanguageSettingsScannerInfoProvider.getScannerInformation(LanguageSettingsScannerInfoProvider.java:86)
	at org.eclipse.cdt.internal.core.language.settings.providers.LanguageSettingsScannerInfoProvider.getScannerInformation(LanguageSettingsScannerInfoProvider.java:1)
	at org.omnetpp.cdt.cache.CppScanner.getScannerInfo(CppScanner.java:136)
	at org.omnetpp.cdt.cache.CppScanner.<init>(CppScanner.java:119)
	at org.omnetpp.cdt.cache.DependencyCache.collectFileIncludeStatements(DependencyCache.java:451)
	at org.omnetpp.cdt.cache.DependencyCache$6.visit(DependencyCache.java:416)
	at org.omnetpp.cdt.cache.DependencyCache$4.visit(DependencyCache.java:372)
	at org.eclipse.core.internal.resources.Resource$2.visit(Resource.java:126)
	at org.eclipse.core.internal.resources.Resource$1.visitElement(Resource.java:85)
	at org.eclipse.core.internal.watson.ElementTreeIterator.doIteration(ElementTreeIterator.java:82)
	at org.eclipse.core.internal.watson.ElementTreeIterator.doIteration(ElementTreeIterator.java:86)
	at org.eclipse.core.internal.watson.ElementTreeIterator.doIteration(ElementTreeIterator.java:86)
	at org.eclipse.core.internal.watson.ElementTreeIterator.doIteration(ElementTreeIterator.java:86)
	at org.eclipse.core.internal.watson.ElementTreeIterator.doIteration(ElementTreeIterator.java:86)
	at org.eclipse.core.internal.watson.ElementTreeIterator.doIteration(ElementTreeIterator.java:86)
	at org.eclipse.core.internal.watson.ElementTreeIterator.iterate(ElementTreeIterator.java:127)
	at org.eclipse.core.internal.resources.Resource.accept(Resource.java:95)
	at org.eclipse.core.internal.resources.Resource.accept(Resource.java:52)
	at org.eclipse.core.internal.resources.Resource.accept(Resource.java:124)
	at org.eclipse.core.internal.resources.Resource.accept(Resource.java:108)
	at org.omnetpp.cdt.cache.DependencyCache.visitNonGeneratedSourceFiles(DependencyCache.java:357)
	at org.omnetpp.cdt.cache.DependencyCache.collectIncludeStatementsInProject(DependencyCache.java:403)
	at org.omnetpp.cdt.cache.DependencyCache.computeCachedData(DependencyCache.java:312)
	at org.omnetpp.cdt.cache.DependencyCache.getCrossFolderDependencies(DependencyCache.java:243)
	at org.omnetpp.cdt.build.MetaMakemake.translateOptions(MetaMakemake.java:75)
	at org.omnetpp.cdt.build.MetaMakemake.generateMakefile(MetaMakemake.java:56)
	at org.omnetpp.cdt.build.MakefileBuilder.generateMakefileFor(MakefileBuilder.java:354)
	at org.omnetpp.cdt.build.MakefileBuilder.generateMakefiles(MakefileBuilder.java:337)
	at org.omnetpp.cdt.build.MakefileBuilder.build(MakefileBuilder.java:77)
	at org.eclipse.core.internal.events.BuildManager$2.run(BuildManager.java:734)
	at org.eclipse.core.runtime.SafeRunner.run(SafeRunner.java:42)
	at org.eclipse.core.internal.events.BuildManager.basicBuild(BuildManager.java:206)
	at org.eclipse.core.internal.events.BuildManager.basicBuild(BuildManager.java:246)
	at org.eclipse.core.internal.events.BuildManager$1.run(BuildManager.java:299)
	at org.eclipse.core.runtime.SafeRunner.run(SafeRunner.java:42)
	at org.eclipse.core.internal.events.BuildManager.basicBuild(BuildManager.java:302)
	at org.eclipse.core.internal.events.BuildManager.basicBuildLoop(BuildManager.java:358)
	at org.eclipse.core.internal.events.BuildManager.build(BuildManager.java:381)
	at org.eclipse.core.internal.resources.Workspace.buildInternal(Workspace.java:496)
	at org.eclipse.core.internal.resources.Workspace.build(Workspace.java:405)
	at org.eclipse.debug.internal.core.LaunchConfiguration.launch(LaunchConfiguration.java:859)
	at org.eclipse.debug.internal.core.LaunchConfiguration.launch(LaunchConfiguration.java:739)
	at org.eclipse.debug.internal.ui.DebugUIPlugin.buildAndLaunch(DebugUIPlugin.java:1039)
	at org.eclipse.debug.internal.ui.DebugUIPlugin$8.run(DebugUIPlugin.java:1256)
	at org.eclipse.core.internal.jobs.Worker.run(Worker.java:54)

!ENTRY org.eclipse.cdt.core 2 0 2017-10-30 16:58:43.114
!MESSAGE Error getting ScannerInfo: Unable to determine language for resource L/inet-framework-simulte-afd56c4/src/stack/mac/packet/LteMacSduRequest.msg
!STACK 0
java.lang.Exception
	at org.eclipse.cdt.internal.core.language.settings.providers.LanguageSettingsScannerInfoProvider.getScannerInformation(LanguageSettingsScannerInfoProvider.java:86)
	at org.eclipse.cdt.internal.core.language.settings.providers.LanguageSettingsScannerInfoProvider.getScannerInformation(LanguageSettingsScannerInfoProvider.java:1)
	at org.omnetpp.cdt.cache.CppScanner.getScannerInfo(CppScanner.java:136)
	at org.omnetpp.cdt.cache.CppScanner.<init>(CppScanner.java:119)
	at org.omnetpp.cdt.cache.DependencyCache.collectFileIncludeStatements(DependencyCache.java:451)
	at org.omnetpp.cdt.cache.DependencyCache$6.visit(DependencyCache.java:416)
	at org.omnetpp.cdt.cache.DependencyCache$4.visit(DependencyCache.java:372)
	at org.eclipse.core.internal.resources.Resource$2.visit(Resource.java:126)
	at org.eclipse.core.internal.resources.Resource$1.visitElement(Resource.java:85)
	at org.eclipse.core.internal.watson.ElementTreeIterator.doIteration(ElementTreeIterator.java:82)
	at org.eclipse.core.internal.watson.ElementTreeIterator.doIteration(ElementTreeIterator.java:86)
	at org.eclipse.core.internal.watson.ElementTreeIterator.doIteration(ElementTreeIterator.java:86)
	at org.eclipse.core.internal.watson.ElementTreeIterator.doIteration(ElementTreeIterator.java:86)
	at org.eclipse.core.internal.watson.ElementTreeIterator.doIteration(ElementTreeIterator.java:86)
	at org.eclipse.core.internal.watson.ElementTreeIterator.doIteration(ElementTreeIterator.java:86)
	at org.eclipse.core.internal.watson.ElementTreeIterator.iterate(ElementTreeIterator.java:127)
	at org.eclipse.core.internal.resources.Resource.accept(Resource.java:95)
	at org.eclipse.core.internal.resources.Resource.accept(Resource.java:52)
	at org.eclipse.core.internal.resources.Resource.accept(Resource.java:124)
	at org.eclipse.core.internal.resources.Resource.accept(Resource.java:108)
	at org.omnetpp.cdt.cache.DependencyCache.visitNonGeneratedSourceFiles(DependencyCache.java:357)
	at org.omnetpp.cdt.cache.DependencyCache.collectIncludeStatementsInProject(DependencyCache.java:403)
	at org.omnetpp.cdt.cache.DependencyCache.computeCachedData(DependencyCache.java:312)
	at org.omnetpp.cdt.cache.DependencyCache.getCrossFolderDependencies(DependencyCache.java:243)
	at org.omnetpp.cdt.build.MetaMakemake.translateOptions(MetaMakemake.java:75)
	at org.omnetpp.cdt.build.MetaMakemake.generateMakefile(MetaMakemake.java:56)
	at org.omnetpp.cdt.build.MakefileBuilder.generateMakefileFor(MakefileBuilder.java:354)
	at org.omnetpp.cdt.build.MakefileBuilder.generateMakefiles(MakefileBuilder.java:337)
	at org.omnetpp.cdt.build.MakefileBuilder.build(MakefileBuilder.java:77)
	at org.eclipse.core.internal.events.BuildManager$2.run(BuildManager.java:734)
	at org.eclipse.core.runtime.SafeRunner.run(SafeRunner.java:42)
	at org.eclipse.core.internal.events.BuildManager.basicBuild(BuildManager.java:206)
	at org.eclipse.core.internal.events.BuildManager.basicBuild(BuildManager.java:246)
	at org.eclipse.core.internal.events.BuildManager$1.run(BuildManager.java:299)
	at org.eclipse.core.runtime.SafeRunner.run(SafeRunner.java:42)
	at org.eclipse.core.internal.events.BuildManager.basicBuild(BuildManager.java:302)
	at org.eclipse.core.internal.events.BuildManager.basicBuildLoop(BuildManager.java:358)
	at org.eclipse.core.internal.events.BuildManager.build(BuildManager.java:381)
	at org.eclipse.core.internal.resources.Workspace.buildInternal(Workspace.java:496)
	at org.eclipse.core.internal.resources.Workspace.build(Workspace.java:405)
	at org.eclipse.debug.internal.core.LaunchConfiguration.launch(LaunchConfiguration.java:859)
	at org.eclipse.debug.internal.core.LaunchConfiguration.launch(LaunchConfiguration.java:739)
	at org.eclipse.debug.internal.ui.DebugUIPlugin.buildAndLaunch(DebugUIPlugin.java:1039)
	at org.eclipse.debug.internal.ui.DebugUIPlugin$8.run(DebugUIPlugin.java:1256)
	at org.eclipse.core.internal.jobs.Worker.run(Worker.java:54)

!ENTRY org.eclipse.cdt.core 2 0 2017-10-30 16:58:43.114
!MESSAGE Error getting ScannerInfo: Unable to determine language for resource L/inet-framework-simulte-afd56c4/src/stack/mac/packet/LteMacPdu.msg
!STACK 0
java.lang.Exception
	at org.eclipse.cdt.internal.core.language.settings.providers.LanguageSettingsScannerInfoProvider.getScannerInformation(LanguageSettingsScannerInfoProvider.java:86)
	at org.eclipse.cdt.internal.core.language.settings.providers.LanguageSettingsScannerInfoProvider.getScannerInformation(LanguageSettingsScannerInfoProvider.java:1)
	at org.omnetpp.cdt.cache.CppScanner.getScannerInfo(CppScanner.java:136)
	at org.omnetpp.cdt.cache.CppScanner.<init>(CppScanner.java:119)
	at org.omnetpp.cdt.cache.DependencyCache.collectFileIncludeStatements(DependencyCache.java:451)
	at org.omnetpp.cdt.cache.DependencyCache$6.visit(DependencyCache.java:416)
	at org.omnetpp.cdt.cache.DependencyCache$4.visit(DependencyCache.java:372)
	at org.eclipse.core.internal.resources.Resource$2.visit(Resource.java:126)
	at org.eclipse.core.internal.resources.Resource$1.visitElement(Resource.java:85)
	at org.eclipse.core.internal.watson.ElementTreeIterator.doIteration(ElementTreeIterator.java:82)
	at org.eclipse.core.internal.watson.ElementTreeIterator.doIteration(ElementTreeIterator.java:86)
	at org.eclipse.core.internal.watson.ElementTreeIterator.doIteration(ElementTreeIterator.java:86)
	at org.eclipse.core.internal.watson.ElementTreeIterator.doIteration(ElementTreeIterator.java:86)
	at org.eclipse.core.internal.watson.ElementTreeIterator.doIteration(ElementTreeIterator.java:86)
	at org.eclipse.core.internal.watson.ElementTreeIterator.doIteration(ElementTreeIterator.java:86)
	at org.eclipse.core.internal.watson.ElementTreeIterator.iterate(ElementTreeIterator.java:127)
	at org.eclipse.core.internal.resources.Resource.accept(Resource.java:95)
	at org.eclipse.core.internal.resources.Resource.accept(Resource.java:52)
	at org.eclipse.core.internal.resources.Resource.accept(Resource.java:124)
	at org.eclipse.core.internal.resources.Resource.accept(Resource.java:108)
	at org.omnetpp.cdt.cache.DependencyCache.visitNonGeneratedSourceFiles(DependencyCache.java:357)
	at org.omnetpp.cdt.cache.DependencyCache.collectIncludeStatementsInProject(DependencyCache.java:403)
	at org.omnetpp.cdt.cache.DependencyCache.computeCachedData(DependencyCache.java:312)
	at org.omnetpp.cdt.cache.DependencyCache.getCrossFolderDependencies(DependencyCache.java:243)
	at org.omnetpp.cdt.build.MetaMakemake.translateOptions(MetaMakemake.java:75)
	at org.omnetpp.cdt.build.MetaMakemake.generateMakefile(MetaMakemake.java:56)
	at org.omnetpp.cdt.build.MakefileBuilder.generateMakefileFor(MakefileBuilder.java:354)
	at org.omnetpp.cdt.build.MakefileBuilder.generateMakefiles(MakefileBuilder.java:337)
	at org.omnetpp.cdt.build.MakefileBuilder.build(MakefileBuilder.java:77)
	at org.eclipse.core.internal.events.BuildManager$2.run(BuildManager.java:734)
	at org.eclipse.core.runtime.SafeRunner.run(SafeRunner.java:42)
	at org.eclipse.core.internal.events.BuildManager.basicBuild(BuildManager.java:206)
	at org.eclipse.core.internal.events.BuildManager.basicBuild(BuildManager.java:246)
	at org.eclipse.core.internal.events.BuildManager$1.run(BuildManager.java:299)
	at org.eclipse.core.runtime.SafeRunner.run(SafeRunner.java:42)
	at org.eclipse.core.internal.events.BuildManager.basicBuild(BuildManager.java:302)
	at org.eclipse.core.internal.events.BuildManager.basicBuildLoop(BuildManager.java:358)
	at org.eclipse.core.internal.events.BuildManager.build(BuildManager.java:381)
	at org.eclipse.core.internal.resources.Workspace.buildInternal(Workspace.java:496)
	at org.eclipse.core.internal.resources.Workspace.build(Workspace.java:405)
	at org.eclipse.debug.internal.core.LaunchConfiguration.launch(LaunchConfiguration.java:859)
	at org.eclipse.debug.internal.core.LaunchConfiguration.launch(LaunchConfiguration.java:739)
	at org.eclipse.debug.internal.ui.DebugUIPlugin.buildAndLaunch(DebugUIPlugin.java:1039)
	at org.eclipse.debug.internal.ui.DebugUIPlugin$8.run(DebugUIPlugin.java:1256)
	at org.eclipse.core.internal.jobs.Worker.run(Worker.java:54)

!ENTRY org.eclipse.cdt.core 2 0 2017-10-30 16:58:43.115
!MESSAGE Error getting ScannerInfo: Unable to determine language for resource L/inet-framework-simulte-afd56c4/src/stack/mac/packet/LteHarqFeedback.msg
!STACK 0
java.lang.Exception
	at org.eclipse.cdt.internal.core.language.settings.providers.LanguageSettingsScannerInfoProvider.getScannerInformation(LanguageSettingsScannerInfoProvider.java:86)
	at org.eclipse.cdt.internal.core.language.settings.providers.LanguageSettingsScannerInfoProvider.getScannerInformation(LanguageSettingsScannerInfoProvider.java:1)
	at org.omnetpp.cdt.cache.CppScanner.getScannerInfo(CppScanner.java:136)
	at org.omnetpp.cdt.cache.CppScanner.<init>(CppScanner.java:119)
	at org.omnetpp.cdt.cache.DependencyCache.collectFileIncludeStatements(DependencyCache.java:451)
	at org.omnetpp.cdt.cache.DependencyCache$6.visit(DependencyCache.java:416)
	at org.omnetpp.cdt.cache.DependencyCache$4.visit(DependencyCache.java:372)
	at org.eclipse.core.internal.resources.Resource$2.visit(Resource.java:126)
	at org.eclipse.core.internal.resources.Resource$1.visitElement(Resource.java:85)
	at org.eclipse.core.internal.watson.ElementTreeIterator.doIteration(ElementTreeIterator.java:82)
	at org.eclipse.core.internal.watson.ElementTreeIterator.doIteration(ElementTreeIterator.java:86)
	at org.eclipse.core.internal.watson.ElementTreeIterator.doIteration(ElementTreeIterator.java:86)
	at org.eclipse.core.internal.watson.ElementTreeIterator.doIteration(ElementTreeIterator.java:86)
	at org.eclipse.core.internal.watson.ElementTreeIterator.doIteration(ElementTreeIterator.java:86)
	at org.eclipse.core.internal.watson.ElementTreeIterator.doIteration(ElementTreeIterator.java:86)
	at org.eclipse.core.internal.watson.ElementTreeIterator.iterate(ElementTreeIterator.java:127)
	at org.eclipse.core.internal.resources.Resource.accept(Resource.java:95)
	at org.eclipse.core.internal.resources.Resource.accept(Resource.java:52)
	at org.eclipse.core.internal.resources.Resource.accept(Resource.java:124)
	at org.eclipse.core.internal.resources.Resource.accept(Resource.java:108)
	at org.omnetpp.cdt.cache.DependencyCache.visitNonGeneratedSourceFiles(DependencyCache.java:357)
	at org.omnetpp.cdt.cache.DependencyCache.collectIncludeStatementsInProject(DependencyCache.java:403)
	at org.omnetpp.cdt.cache.DependencyCache.computeCachedData(DependencyCache.java:312)
	at org.omnetpp.cdt.cache.DependencyCache.getCrossFolderDependencies(DependencyCache.java:243)
	at org.omnetpp.cdt.build.MetaMakemake.translateOptions(MetaMakemake.java:75)
	at org.omnetpp.cdt.build.MetaMakemake.generateMakefile(MetaMakemake.java:56)
	at org.omnetpp.cdt.build.MakefileBuilder.generateMakefileFor(MakefileBuilder.java:354)
	at org.omnetpp.cdt.build.MakefileBuilder.generateMakefiles(MakefileBuilder.java:337)
	at org.omnetpp.cdt.build.MakefileBuilder.build(MakefileBuilder.java:77)
	at org.eclipse.core.internal.events.BuildManager$2.run(BuildManager.java:734)
	at org.eclipse.core.runtime.SafeRunner.run(SafeRunner.java:42)
	at org.eclipse.core.internal.events.BuildManager.basicBuild(BuildManager.java:206)
	at org.eclipse.core.internal.events.BuildManager.basicBuild(BuildManager.java:246)
	at org.eclipse.core.internal.events.BuildManager$1.run(BuildManager.java:299)
	at org.eclipse.core.runtime.SafeRunner.run(SafeRunner.java:42)
	at org.eclipse.core.internal.events.BuildManager.basicBuild(BuildManager.java:302)
	at org.eclipse.core.internal.events.BuildManager.basicBuildLoop(BuildManager.java:358)
	at org.eclipse.core.internal.events.BuildManager.build(BuildManager.java:381)
	at org.eclipse.core.internal.resources.Workspace.buildInternal(Workspace.java:496)
	at org.eclipse.core.internal.resources.Workspace.build(Workspace.java:405)
	at org.eclipse.debug.internal.core.LaunchConfiguration.launch(LaunchConfiguration.java:859)
	at org.eclipse.debug.internal.core.LaunchConfiguration.launch(LaunchConfiguration.java:739)
	at org.eclipse.debug.internal.ui.DebugUIPlugin.buildAndLaunch(DebugUIPlugin.java:1039)
	at org.eclipse.debug.internal.ui.DebugUIPlugin$8.run(DebugUIPlugin.java:1256)
	at org.eclipse.core.internal.jobs.Worker.run(Worker.java:54)

!ENTRY org.eclipse.cdt.core 2 0 2017-10-30 16:58:43.642
!MESSAGE Error getting ScannerInfo: Unable to determine language for resource L/inet-framework-simulte-afd56c4/src/stack/d2dModeSelection/D2DModeSwitchNotification.msg
!STACK 0
java.lang.Exception
	at org.eclipse.cdt.internal.core.language.settings.providers.LanguageSettingsScannerInfoProvider.getScannerInformation(LanguageSettingsScannerInfoProvider.java:86)
	at org.eclipse.cdt.internal.core.language.settings.providers.LanguageSettingsScannerInfoProvider.getScannerInformation(LanguageSettingsScannerInfoProvider.java:1)
	at org.omnetpp.cdt.cache.CppScanner.getScannerInfo(CppScanner.java:136)
	at org.omnetpp.cdt.cache.CppScanner.<init>(CppScanner.java:119)
	at org.omnetpp.cdt.cache.DependencyCache.collectFileIncludeStatements(DependencyCache.java:451)
	at org.omnetpp.cdt.cache.DependencyCache$6.visit(DependencyCache.java:416)
	at org.omnetpp.cdt.cache.DependencyCache$4.visit(DependencyCache.java:372)
	at org.eclipse.core.internal.resources.Resource$2.visit(Resource.java:126)
	at org.eclipse.core.internal.resources.Resource$1.visitElement(Resource.java:85)
	at org.eclipse.core.internal.watson.ElementTreeIterator.doIteration(ElementTreeIterator.java:82)
	at org.eclipse.core.internal.watson.ElementTreeIterator.doIteration(ElementTreeIterator.java:86)
	at org.eclipse.core.internal.watson.ElementTreeIterator.doIteration(ElementTreeIterator.java:86)
	at org.eclipse.core.internal.watson.ElementTreeIterator.doIteration(ElementTreeIterator.java:86)
	at org.eclipse.core.internal.watson.ElementTreeIterator.doIteration(ElementTreeIterator.java:86)
	at org.eclipse.core.internal.watson.ElementTreeIterator.iterate(ElementTreeIterator.java:127)
	at org.eclipse.core.internal.resources.Resource.accept(Resource.java:95)
	at org.eclipse.core.internal.resources.Resource.accept(Resource.java:52)
	at org.eclipse.core.internal.resources.Resource.accept(Resource.java:124)
	at org.eclipse.core.internal.resources.Resource.accept(Resource.java:108)
	at org.omnetpp.cdt.cache.DependencyCache.visitNonGeneratedSourceFiles(DependencyCache.java:357)
	at org.omnetpp.cdt.cache.DependencyCache.collectIncludeStatementsInProject(DependencyCache.java:403)
	at org.omnetpp.cdt.cache.DependencyCache.computeCachedData(DependencyCache.java:312)
	at org.omnetpp.cdt.cache.DependencyCache.getCrossFolderDependencies(DependencyCache.java:243)
	at org.omnetpp.cdt.build.MetaMakemake.translateOptions(MetaMakemake.java:75)
	at org.omnetpp.cdt.build.MetaMakemake.generateMakefile(MetaMakemake.java:56)
	at org.omnetpp.cdt.build.MakefileBuilder.generateMakefileFor(MakefileBuilder.java:354)
	at org.omnetpp.cdt.build.MakefileBuilder.generateMakefiles(MakefileBuilder.java:337)
	at org.omnetpp.cdt.build.MakefileBuilder.build(MakefileBuilder.java:77)
	at org.eclipse.core.internal.events.BuildManager$2.run(BuildManager.java:734)
	at org.eclipse.core.runtime.SafeRunner.run(SafeRunner.java:42)
	at org.eclipse.core.internal.events.BuildManager.basicBuild(BuildManager.java:206)
	at org.eclipse.core.internal.events.BuildManager.basicBuild(BuildManager.java:246)
	at org.eclipse.core.internal.events.BuildManager$1.run(BuildManager.java:299)
	at org.eclipse.core.runtime.SafeRunner.run(SafeRunner.java:42)
	at org.eclipse.core.internal.events.BuildManager.basicBuild(BuildManager.java:302)
	at org.eclipse.core.internal.events.BuildManager.basicBuildLoop(BuildManager.java:358)
	at org.eclipse.core.internal.events.BuildManager.build(BuildManager.java:381)
	at org.eclipse.core.internal.resources.Workspace.buildInternal(Workspace.java:496)
	at org.eclipse.core.internal.resources.Workspace.build(Workspace.java:405)
	at org.eclipse.debug.internal.core.LaunchConfiguration.launch(LaunchConfiguration.java:859)
	at org.eclipse.debug.internal.core.LaunchConfiguration.launch(LaunchConfiguration.java:739)
	at org.eclipse.debug.internal.ui.DebugUIPlugin.buildAndLaunch(DebugUIPlugin.java:1039)
	at org.eclipse.debug.internal.ui.DebugUIPlugin$8.run(DebugUIPlugin.java:1256)
	at org.eclipse.core.internal.jobs.Worker.run(Worker.java:54)

!ENTRY org.eclipse.cdt.core 2 0 2017-10-30 16:58:43.809
!MESSAGE Error getting ScannerInfo: Unable to determine language for resource L/inet-framework-simulte-afd56c4/src/epc/gtp/GtpUserMsg.msg
!STACK 0
java.lang.Exception
	at org.eclipse.cdt.internal.core.language.settings.providers.LanguageSettingsScannerInfoProvider.getScannerInformation(LanguageSettingsScannerInfoProvider.java:86)
	at org.eclipse.cdt.internal.core.language.settings.providers.LanguageSettingsScannerInfoProvider.getScannerInformation(LanguageSettingsScannerInfoProvider.java:1)
	at org.omnetpp.cdt.cache.CppScanner.getScannerInfo(CppScanner.java:136)
	at org.omnetpp.cdt.cache.CppScanner.<init>(CppScanner.java:119)
	at org.omnetpp.cdt.cache.DependencyCache.collectFileIncludeStatements(DependencyCache.java:451)
	at org.omnetpp.cdt.cache.DependencyCache$6.visit(DependencyCache.java:416)
	at org.omnetpp.cdt.cache.DependencyCache$4.visit(DependencyCache.java:372)
	at org.eclipse.core.internal.resources.Resource$2.visit(Resource.java:126)
	at org.eclipse.core.internal.resources.Resource$1.visitElement(Resource.java:85)
	at org.eclipse.core.internal.watson.ElementTreeIterator.doIteration(ElementTreeIterator.java:82)
	at org.eclipse.core.internal.watson.ElementTreeIterator.doIteration(ElementTreeIterator.java:86)
	at org.eclipse.core.internal.watson.ElementTreeIterator.doIteration(ElementTreeIterator.java:86)
	at org.eclipse.core.internal.watson.ElementTreeIterator.doIteration(ElementTreeIterator.java:86)
	at org.eclipse.core.internal.watson.ElementTreeIterator.doIteration(ElementTreeIterator.java:86)
	at org.eclipse.core.internal.watson.ElementTreeIterator.iterate(ElementTreeIterator.java:127)
	at org.eclipse.core.internal.resources.Resource.accept(Resource.java:95)
	at org.eclipse.core.internal.resources.Resource.accept(Resource.java:52)
	at org.eclipse.core.internal.resources.Resource.accept(Resource.java:124)
	at org.eclipse.core.internal.resources.Resource.accept(Resource.java:108)
	at org.omnetpp.cdt.cache.DependencyCache.visitNonGeneratedSourceFiles(DependencyCache.java:357)
	at org.omnetpp.cdt.cache.DependencyCache.collectIncludeStatementsInProject(DependencyCache.java:403)
	at org.omnetpp.cdt.cache.DependencyCache.computeCachedData(DependencyCache.java:312)
	at org.omnetpp.cdt.cache.DependencyCache.getCrossFolderDependencies(DependencyCache.java:243)
	at org.omnetpp.cdt.build.MetaMakemake.translateOptions(MetaMakemake.java:75)
	at org.omnetpp.cdt.build.MetaMakemake.generateMakefile(MetaMakemake.java:56)
	at org.omnetpp.cdt.build.MakefileBuilder.generateMakefileFor(MakefileBuilder.java:354)
	at org.omnetpp.cdt.build.MakefileBuilder.generateMakefiles(MakefileBuilder.java:337)
	at org.omnetpp.cdt.build.MakefileBuilder.build(MakefileBuilder.java:77)
	at org.eclipse.core.internal.events.BuildManager$2.run(BuildManager.java:734)
	at org.eclipse.core.runtime.SafeRunner.run(SafeRunner.java:42)
	at org.eclipse.core.internal.events.BuildManager.basicBuild(BuildManager.java:206)
	at org.eclipse.core.internal.events.BuildManager.basicBuild(BuildManager.java:246)
	at org.eclipse.core.internal.events.BuildManager$1.run(BuildManager.java:299)
	at org.eclipse.core.runtime.SafeRunner.run(SafeRunner.java:42)
	at org.eclipse.core.internal.events.BuildManager.basicBuild(BuildManager.java:302)
	at org.eclipse.core.internal.events.BuildManager.basicBuildLoop(BuildManager.java:358)
	at org.eclipse.core.internal.events.BuildManager.build(BuildManager.java:381)
	at org.eclipse.core.internal.resources.Workspace.buildInternal(Workspace.java:496)
	at org.eclipse.core.internal.resources.Workspace.build(Workspace.java:405)
	at org.eclipse.debug.internal.core.LaunchConfiguration.launch(LaunchConfiguration.java:859)
	at org.eclipse.debug.internal.core.LaunchConfiguration.launch(LaunchConfiguration.java:739)
	at org.eclipse.debug.internal.ui.DebugUIPlugin.buildAndLaunch(DebugUIPlugin.java:1039)
	at org.eclipse.debug.internal.ui.DebugUIPlugin$8.run(DebugUIPlugin.java:1256)
	at org.eclipse.core.internal.jobs.Worker.run(Worker.java:54)

!ENTRY org.eclipse.cdt.core 2 0 2017-10-30 16:58:44.036
!MESSAGE Error getting ScannerInfo: Unable to determine language for resource L/inet-framework-simulte-afd56c4/src/common/timer/TTimerMsg.msg
!STACK 0
java.lang.Exception
	at org.eclipse.cdt.internal.core.language.settings.providers.LanguageSettingsScannerInfoProvider.getScannerInformation(LanguageSettingsScannerInfoProvider.java:86)
	at org.eclipse.cdt.internal.core.language.settings.providers.LanguageSettingsScannerInfoProvider.getScannerInformation(LanguageSettingsScannerInfoProvider.java:1)
	at org.omnetpp.cdt.cache.CppScanner.getScannerInfo(CppScanner.java:136)
	at org.omnetpp.cdt.cache.CppScanner.<init>(CppScanner.java:119)
	at org.omnetpp.cdt.cache.DependencyCache.collectFileIncludeStatements(DependencyCache.java:451)
	at org.omnetpp.cdt.cache.DependencyCache$6.visit(DependencyCache.java:416)
	at org.omnetpp.cdt.cache.DependencyCache$4.visit(DependencyCache.java:372)
	at org.eclipse.core.internal.resources.Resource$2.visit(Resource.java:126)
	at org.eclipse.core.internal.resources.Resource$1.visitElement(Resource.java:85)
	at org.eclipse.core.internal.watson.ElementTreeIterator.doIteration(ElementTreeIterator.java:82)
	at org.eclipse.core.internal.watson.ElementTreeIterator.doIteration(ElementTreeIterator.java:86)
	at org.eclipse.core.internal.watson.ElementTreeIterator.doIteration(ElementTreeIterator.java:86)
	at org.eclipse.core.internal.watson.ElementTreeIterator.doIteration(ElementTreeIterator.java:86)
	at org.eclipse.core.internal.watson.ElementTreeIterator.doIteration(ElementTreeIterator.java:86)
	at org.eclipse.core.internal.watson.ElementTreeIterator.iterate(ElementTreeIterator.java:127)
	at org.eclipse.core.internal.resources.Resource.accept(Resource.java:95)
	at org.eclipse.core.internal.resources.Resource.accept(Resource.java:52)
	at org.eclipse.core.internal.resources.Resource.accept(Resource.java:124)
	at org.eclipse.core.internal.resources.Resource.accept(Resource.java:108)
	at org.omnetpp.cdt.cache.DependencyCache.visitNonGeneratedSourceFiles(DependencyCache.java:357)
	at org.omnetpp.cdt.cache.DependencyCache.collectIncludeStatementsInProject(DependencyCache.java:403)
	at org.omnetpp.cdt.cache.DependencyCache.computeCachedData(DependencyCache.java:312)
	at org.omnetpp.cdt.cache.DependencyCache.getCrossFolderDependencies(DependencyCache.java:243)
	at org.omnetpp.cdt.build.MetaMakemake.translateOptions(MetaMakemake.java:75)
	at org.omnetpp.cdt.build.MetaMakemake.generateMakefile(MetaMakemake.java:56)
	at org.omnetpp.cdt.build.MakefileBuilder.generateMakefileFor(MakefileBuilder.java:354)
	at org.omnetpp.cdt.build.MakefileBuilder.generateMakefiles(MakefileBuilder.java:337)
	at org.omnetpp.cdt.build.MakefileBuilder.build(MakefileBuilder.java:77)
	at org.eclipse.core.internal.events.BuildManager$2.run(BuildManager.java:734)
	at org.eclipse.core.runtime.SafeRunner.run(SafeRunner.java:42)
	at org.eclipse.core.internal.events.BuildManager.basicBuild(BuildManager.java:206)
	at org.eclipse.core.internal.events.BuildManager.basicBuild(BuildManager.java:246)
	at org.eclipse.core.internal.events.BuildManager$1.run(BuildManager.java:299)
	at org.eclipse.core.runtime.SafeRunner.run(SafeRunner.java:42)
	at org.eclipse.core.internal.events.BuildManager.basicBuild(BuildManager.java:302)
	at org.eclipse.core.internal.events.BuildManager.basicBuildLoop(BuildManager.java:358)
	at org.eclipse.core.internal.events.BuildManager.build(BuildManager.java:381)
	at org.eclipse.core.internal.resources.Workspace.buildInternal(Workspace.java:496)
	at org.eclipse.core.internal.resources.Workspace.build(Workspace.java:405)
	at org.eclipse.debug.internal.core.LaunchConfiguration.launch(LaunchConfiguration.java:859)
	at org.eclipse.debug.internal.core.LaunchConfiguration.launch(LaunchConfiguration.java:739)
	at org.eclipse.debug.internal.ui.DebugUIPlugin.buildAndLaunch(DebugUIPlugin.java:1039)
	at org.eclipse.debug.internal.ui.DebugUIPlugin$8.run(DebugUIPlugin.java:1256)
	at org.eclipse.core.internal.jobs.Worker.run(Worker.java:54)

!ENTRY org.eclipse.cdt.core 2 0 2017-10-30 16:58:44.046
!MESSAGE Error getting ScannerInfo: Unable to determine language for resource L/inet-framework-simulte-afd56c4/src/common/timer/TMultiTimerMsg.msg
!STACK 0
java.lang.Exception
	at org.eclipse.cdt.internal.core.language.settings.providers.LanguageSettingsScannerInfoProvider.getScannerInformation(LanguageSettingsScannerInfoProvider.java:86)
	at org.eclipse.cdt.internal.core.language.settings.providers.LanguageSettingsScannerInfoProvider.getScannerInformation(LanguageSettingsScannerInfoProvider.java:1)
	at org.omnetpp.cdt.cache.CppScanner.getScannerInfo(CppScanner.java:136)
	at org.omnetpp.cdt.cache.CppScanner.<init>(CppScanner.java:119)
	at org.omnetpp.cdt.cache.DependencyCache.collectFileIncludeStatements(DependencyCache.java:451)
	at org.omnetpp.cdt.cache.DependencyCache$6.visit(DependencyCache.java:416)
	at org.omnetpp.cdt.cache.DependencyCache$4.visit(DependencyCache.java:372)
	at org.eclipse.core.internal.resources.Resource$2.visit(Resource.java:126)
	at org.eclipse.core.internal.resources.Resource$1.visitElement(Resource.java:85)
	at org.eclipse.core.internal.watson.ElementTreeIterator.doIteration(ElementTreeIterator.java:82)
	at org.eclipse.core.internal.watson.ElementTreeIterator.doIteration(ElementTreeIterator.java:86)
	at org.eclipse.core.internal.watson.ElementTreeIterator.doIteration(ElementTreeIterator.java:86)
	at org.eclipse.core.internal.watson.ElementTreeIterator.doIteration(ElementTreeIterator.java:86)
	at org.eclipse.core.internal.watson.ElementTreeIterator.doIteration(ElementTreeIterator.java:86)
	at org.eclipse.core.internal.watson.ElementTreeIterator.iterate(ElementTreeIterator.java:127)
	at org.eclipse.core.internal.resources.Resource.accept(Resource.java:95)
	at org.eclipse.core.internal.resources.Resource.accept(Resource.java:52)
	at org.eclipse.core.internal.resources.Resource.accept(Resource.java:124)
	at org.eclipse.core.internal.resources.Resource.accept(Resource.java:108)
	at org.omnetpp.cdt.cache.DependencyCache.visitNonGeneratedSourceFiles(DependencyCache.java:357)
	at org.omnetpp.cdt.cache.DependencyCache.collectIncludeStatementsInProject(DependencyCache.java:403)
	at org.omnetpp.cdt.cache.DependencyCache.computeCachedData(DependencyCache.java:312)
	at org.omnetpp.cdt.cache.DependencyCache.getCrossFolderDependencies(DependencyCache.java:243)
	at org.omnetpp.cdt.build.MetaMakemake.translateOptions(MetaMakemake.java:75)
	at org.omnetpp.cdt.build.MetaMakemake.generateMakefile(MetaMakemake.java:56)
	at org.omnetpp.cdt.build.MakefileBuilder.generateMakefileFor(MakefileBuilder.java:354)
	at org.omnetpp.cdt.build.MakefileBuilder.generateMakefiles(MakefileBuilder.java:337)
	at org.omnetpp.cdt.build.MakefileBuilder.build(MakefileBuilder.java:77)
	at org.eclipse.core.internal.events.BuildManager$2.run(BuildManager.java:734)
	at org.eclipse.core.runtime.SafeRunner.run(SafeRunner.java:42)
	at org.eclipse.core.internal.events.BuildManager.basicBuild(BuildManager.java:206)
	at org.eclipse.core.internal.events.BuildManager.basicBuild(BuildManager.java:246)
	at org.eclipse.core.internal.events.BuildManager$1.run(BuildManager.java:299)
	at org.eclipse.core.runtime.SafeRunner.run(SafeRunner.java:42)
	at org.eclipse.core.internal.events.BuildManager.basicBuild(BuildManager.java:302)
	at org.eclipse.core.internal.events.BuildManager.basicBuildLoop(BuildManager.java:358)
	at org.eclipse.core.internal.events.BuildManager.build(BuildManager.java:381)
	at org.eclipse.core.internal.resources.Workspace.buildInternal(Workspace.java:496)
	at org.eclipse.core.internal.resources.Workspace.build(Workspace.java:405)
	at org.eclipse.debug.internal.core.LaunchConfiguration.launch(LaunchConfiguration.java:859)
	at org.eclipse.debug.internal.core.LaunchConfiguration.launch(LaunchConfiguration.java:739)
	at org.eclipse.debug.internal.ui.DebugUIPlugin.buildAndLaunch(DebugUIPlugin.java:1039)
	at org.eclipse.debug.internal.ui.DebugUIPlugin$8.run(DebugUIPlugin.java:1256)
	at org.eclipse.core.internal.jobs.Worker.run(Worker.java:54)

!ENTRY org.eclipse.cdt.core 2 0 2017-10-30 16:58:44.059
!MESSAGE Error getting ScannerInfo: Unable to determine language for resource L/inet-framework-simulte-afd56c4/src/common/LteControlInfo.msg
!STACK 0
java.lang.Exception
	at org.eclipse.cdt.internal.core.language.settings.providers.LanguageSettingsScannerInfoProvider.getScannerInformation(LanguageSettingsScannerInfoProvider.java:86)
	at org.eclipse.cdt.internal.core.language.settings.providers.LanguageSettingsScannerInfoProvider.getScannerInformation(LanguageSettingsScannerInfoProvider.java:1)
	at org.omnetpp.cdt.cache.CppScanner.getScannerInfo(CppScanner.java:136)
	at org.omnetpp.cdt.cache.CppScanner.<init>(CppScanner.java:119)
	at org.omnetpp.cdt.cache.DependencyCache.collectFileIncludeStatements(DependencyCache.java:451)
	at org.omnetpp.cdt.cache.DependencyCache$6.visit(DependencyCache.java:416)
	at org.omnetpp.cdt.cache.DependencyCache$4.visit(DependencyCache.java:372)
	at org.eclipse.core.internal.resources.Resource$2.visit(Resource.java:126)
	at org.eclipse.core.internal.resources.Resource$1.visitElement(Resource.java:85)
	at org.eclipse.core.internal.watson.ElementTreeIterator.doIteration(ElementTreeIterator.java:82)
	at org.eclipse.core.internal.watson.ElementTreeIterator.doIteration(ElementTreeIterator.java:86)
	at org.eclipse.core.internal.watson.ElementTreeIterator.doIteration(ElementTreeIterator.java:86)
	at org.eclipse.core.internal.watson.ElementTreeIterator.doIteration(ElementTreeIterator.java:86)
	at org.eclipse.core.internal.watson.ElementTreeIterator.iterate(ElementTreeIterator.java:127)
	at org.eclipse.core.internal.resources.Resource.accept(Resource.java:95)
	at org.eclipse.core.internal.resources.Resource.accept(Resource.java:52)
	at org.eclipse.core.internal.resources.Resource.accept(Resource.java:124)
	at org.eclipse.core.internal.resources.Resource.accept(Resource.java:108)
	at org.omnetpp.cdt.cache.DependencyCache.visitNonGeneratedSourceFiles(DependencyCache.java:357)
	at org.omnetpp.cdt.cache.DependencyCache.collectIncludeStatementsInProject(DependencyCache.java:403)
	at org.omnetpp.cdt.cache.DependencyCache.computeCachedData(DependencyCache.java:312)
	at org.omnetpp.cdt.cache.DependencyCache.getCrossFolderDependencies(DependencyCache.java:243)
	at org.omnetpp.cdt.build.MetaMakemake.translateOptions(MetaMakemake.java:75)
	at org.omnetpp.cdt.build.MetaMakemake.generateMakefile(MetaMakemake.java:56)
	at org.omnetpp.cdt.build.MakefileBuilder.generateMakefileFor(MakefileBuilder.java:354)
	at org.omnetpp.cdt.build.MakefileBuilder.generateMakefiles(MakefileBuilder.java:337)
	at org.omnetpp.cdt.build.MakefileBuilder.build(MakefileBuilder.java:77)
	at org.eclipse.core.internal.events.BuildManager$2.run(BuildManager.java:734)
	at org.eclipse.core.runtime.SafeRunner.run(SafeRunner.java:42)
	at org.eclipse.core.internal.events.BuildManager.basicBuild(BuildManager.java:206)
	at org.eclipse.core.internal.events.BuildManager.basicBuild(BuildManager.java:246)
	at org.eclipse.core.internal.events.BuildManager$1.run(BuildManager.java:299)
	at org.eclipse.core.runtime.SafeRunner.run(SafeRunner.java:42)
	at org.eclipse.core.internal.events.BuildManager.basicBuild(BuildManager.java:302)
	at org.eclipse.core.internal.events.BuildManager.basicBuildLoop(BuildManager.java:358)
	at org.eclipse.core.internal.events.BuildManager.build(BuildManager.java:381)
	at org.eclipse.core.internal.resources.Workspace.buildInternal(Workspace.java:496)
	at org.eclipse.core.internal.resources.Workspace.build(Workspace.java:405)
	at org.eclipse.debug.internal.core.LaunchConfiguration.launch(LaunchConfiguration.java:859)
	at org.eclipse.debug.internal.core.LaunchConfiguration.launch(LaunchConfiguration.java:739)
	at org.eclipse.debug.internal.ui.DebugUIPlugin.buildAndLaunch(DebugUIPlugin.java:1039)
	at org.eclipse.debug.internal.ui.DebugUIPlugin$8.run(DebugUIPlugin.java:1256)
	at org.eclipse.core.internal.jobs.Worker.run(Worker.java:54)

!ENTRY org.eclipse.cdt.core 2 0 2017-10-30 16:58:44.084
!MESSAGE Error getting ScannerInfo: Unable to determine language for resource L/inet-framework-simulte-afd56c4/src/apps/voip/VoipPacket.msg
!STACK 0
java.lang.Exception
	at org.eclipse.cdt.internal.core.language.settings.providers.LanguageSettingsScannerInfoProvider.getScannerInformation(LanguageSettingsScannerInfoProvider.java:86)
	at org.eclipse.cdt.internal.core.language.settings.providers.LanguageSettingsScannerInfoProvider.getScannerInformation(LanguageSettingsScannerInfoProvider.java:1)
	at org.omnetpp.cdt.cache.CppScanner.getScannerInfo(CppScanner.java:136)
	at org.omnetpp.cdt.cache.CppScanner.<init>(CppScanner.java:119)
	at org.omnetpp.cdt.cache.DependencyCache.collectFileIncludeStatements(DependencyCache.java:451)
	at org.omnetpp.cdt.cache.DependencyCache$6.visit(DependencyCache.java:416)
	at org.omnetpp.cdt.cache.DependencyCache$4.visit(DependencyCache.java:372)
	at org.eclipse.core.internal.resources.Resource$2.visit(Resource.java:126)
	at org.eclipse.core.internal.resources.Resource$1.visitElement(Resource.java:85)
	at org.eclipse.core.internal.watson.ElementTreeIterator.doIteration(ElementTreeIterator.java:82)
	at org.eclipse.core.internal.watson.ElementTreeIterator.doIteration(ElementTreeIterator.java:86)
	at org.eclipse.core.internal.watson.ElementTreeIterator.doIteration(ElementTreeIterator.java:86)
	at org.eclipse.core.internal.watson.ElementTreeIterator.doIteration(ElementTreeIterator.java:86)
	at org.eclipse.core.internal.watson.ElementTreeIterator.doIteration(ElementTreeIterator.java:86)
	at org.eclipse.core.internal.watson.ElementTreeIterator.iterate(ElementTreeIterator.java:127)
	at org.eclipse.core.internal.resources.Resource.accept(Resource.java:95)
	at org.eclipse.core.internal.resources.Resource.accept(Resource.java:52)
	at org.eclipse.core.internal.resources.Resource.accept(Resource.java:124)
	at org.eclipse.core.internal.resources.Resource.accept(Resource.java:108)
	at org.omnetpp.cdt.cache.DependencyCache.visitNonGeneratedSourceFiles(DependencyCache.java:357)
	at org.omnetpp.cdt.cache.DependencyCache.collectIncludeStatementsInProject(DependencyCache.java:403)
	at org.omnetpp.cdt.cache.DependencyCache.computeCachedData(DependencyCache.java:312)
	at org.omnetpp.cdt.cache.DependencyCache.getCrossFolderDependencies(DependencyCache.java:243)
	at org.omnetpp.cdt.build.MetaMakemake.translateOptions(MetaMakemake.java:75)
	at org.omnetpp.cdt.build.MetaMakemake.generateMakefile(MetaMakemake.java:56)
	at org.omnetpp.cdt.build.MakefileBuilder.generateMakefileFor(MakefileBuilder.java:354)
	at org.omnetpp.cdt.build.MakefileBuilder.generateMakefiles(MakefileBuilder.java:337)
	at org.omnetpp.cdt.build.MakefileBuilder.build(MakefileBuilder.java:77)
	at org.eclipse.core.internal.events.BuildManager$2.run(BuildManager.java:734)
	at org.eclipse.core.runtime.SafeRunner.run(SafeRunner.java:42)
	at org.eclipse.core.internal.events.BuildManager.basicBuild(BuildManager.java:206)
	at org.eclipse.core.internal.events.BuildManager.basicBuild(BuildManager.java:246)
	at org.eclipse.core.internal.events.BuildManager$1.run(BuildManager.java:299)
	at org.eclipse.core.runtime.SafeRunner.run(SafeRunner.java:42)
	at org.eclipse.core.internal.events.BuildManager.basicBuild(BuildManager.java:302)
	at org.eclipse.core.internal.events.BuildManager.basicBuildLoop(BuildManager.java:358)
	at org.eclipse.core.internal.events.BuildManager.build(BuildManager.java:381)
	at org.eclipse.core.internal.resources.Workspace.buildInternal(Workspace.java:496)
	at org.eclipse.core.internal.resources.Workspace.build(Workspace.java:405)
	at org.eclipse.debug.internal.core.LaunchConfiguration.launch(LaunchConfiguration.java:859)
	at org.eclipse.debug.internal.core.LaunchConfiguration.launch(LaunchConfiguration.java:739)
	at org.eclipse.debug.internal.ui.DebugUIPlugin.buildAndLaunch(DebugUIPlugin.java:1039)
	at org.eclipse.debug.internal.ui.DebugUIPlugin$8.run(DebugUIPlugin.java:1256)
	at org.eclipse.core.internal.jobs.Worker.run(Worker.java:54)

!ENTRY org.eclipse.cdt.core 2 0 2017-10-30 16:58:44.194
!MESSAGE Error getting ScannerInfo: Unable to determine language for resource L/inet-framework-simulte-afd56c4/src/apps/vod/VoDPacket.msg
!STACK 0
java.lang.Exception
	at org.eclipse.cdt.internal.core.language.settings.providers.LanguageSettingsScannerInfoProvider.getScannerInformation(LanguageSettingsScannerInfoProvider.java:86)
	at org.eclipse.cdt.internal.core.language.settings.providers.LanguageSettingsScannerInfoProvider.getScannerInformation(LanguageSettingsScannerInfoProvider.java:1)
	at org.omnetpp.cdt.cache.CppScanner.getScannerInfo(CppScanner.java:136)
	at org.omnetpp.cdt.cache.CppScanner.<init>(CppScanner.java:119)
	at org.omnetpp.cdt.cache.DependencyCache.collectFileIncludeStatements(DependencyCache.java:451)
	at org.omnetpp.cdt.cache.DependencyCache$6.visit(DependencyCache.java:416)
	at org.omnetpp.cdt.cache.DependencyCache$4.visit(DependencyCache.java:372)
	at org.eclipse.core.internal.resources.Resource$2.visit(Resource.java:126)
	at org.eclipse.core.internal.resources.Resource$1.visitElement(Resource.java:85)
	at org.eclipse.core.internal.watson.ElementTreeIterator.doIteration(ElementTreeIterator.java:82)
	at org.eclipse.core.internal.watson.ElementTreeIterator.doIteration(ElementTreeIterator.java:86)
	at org.eclipse.core.internal.watson.ElementTreeIterator.doIteration(ElementTreeIterator.java:86)
	at org.eclipse.core.internal.watson.ElementTreeIterator.doIteration(ElementTreeIterator.java:86)
	at org.eclipse.core.internal.watson.ElementTreeIterator.doIteration(ElementTreeIterator.java:86)
	at org.eclipse.core.internal.watson.ElementTreeIterator.iterate(ElementTreeIterator.java:127)
	at org.eclipse.core.internal.resources.Resource.accept(Resource.java:95)
	at org.eclipse.core.internal.resources.Resource.accept(Resource.java:52)
	at org.eclipse.core.internal.resources.Resource.accept(Resource.java:124)
	at org.eclipse.core.internal.resources.Resource.accept(Resource.java:108)
	at org.omnetpp.cdt.cache.DependencyCache.visitNonGeneratedSourceFiles(DependencyCache.java:357)
	at org.omnetpp.cdt.cache.DependencyCache.collectIncludeStatementsInProject(DependencyCache.java:403)
	at org.omnetpp.cdt.cache.DependencyCache.computeCachedData(DependencyCache.java:312)
	at org.omnetpp.cdt.cache.DependencyCache.getCrossFolderDependencies(DependencyCache.java:243)
	at org.omnetpp.cdt.build.MetaMakemake.translateOptions(MetaMakemake.java:75)
	at org.omnetpp.cdt.build.MetaMakemake.generateMakefile(MetaMakemake.java:56)
	at org.omnetpp.cdt.build.MakefileBuilder.generateMakefileFor(MakefileBuilder.java:354)
	at org.omnetpp.cdt.build.MakefileBuilder.generateMakefiles(MakefileBuilder.java:337)
	at org.omnetpp.cdt.build.MakefileBuilder.build(MakefileBuilder.java:77)
	at org.eclipse.core.internal.events.BuildManager$2.run(BuildManager.java:734)
	at org.eclipse.core.runtime.SafeRunner.run(SafeRunner.java:42)
	at org.eclipse.core.internal.events.BuildManager.basicBuild(BuildManager.java:206)
	at org.eclipse.core.internal.events.BuildManager.basicBuild(BuildManager.java:246)
	at org.eclipse.core.internal.events.BuildManager$1.run(BuildManager.java:299)
	at org.eclipse.core.runtime.SafeRunner.run(SafeRunner.java:42)
	at org.eclipse.core.internal.events.BuildManager.basicBuild(BuildManager.java:302)
	at org.eclipse.core.internal.events.BuildManager.basicBuildLoop(BuildManager.java:358)
	at org.eclipse.core.internal.events.BuildManager.build(BuildManager.java:381)
	at org.eclipse.core.internal.resources.Workspace.buildInternal(Workspace.java:496)
	at org.eclipse.core.internal.resources.Workspace.build(Workspace.java:405)
	at org.eclipse.debug.internal.core.LaunchConfiguration.launch(LaunchConfiguration.java:859)
	at org.eclipse.debug.internal.core.LaunchConfiguration.launch(LaunchConfiguration.java:739)
	at org.eclipse.debug.internal.ui.DebugUIPlugin.buildAndLaunch(DebugUIPlugin.java:1039)
	at org.eclipse.debug.internal.ui.DebugUIPlugin$8.run(DebugUIPlugin.java:1256)
	at org.eclipse.core.internal.jobs.Worker.run(Worker.java:54)

!ENTRY org.eclipse.cdt.core 2 0 2017-10-30 16:58:44.194
!MESSAGE Error getting ScannerInfo: Unable to determine language for resource L/inet-framework-simulte-afd56c4/src/apps/vod/M1Message.msg
!STACK 0
java.lang.Exception
	at org.eclipse.cdt.internal.core.language.settings.providers.LanguageSettingsScannerInfoProvider.getScannerInformation(LanguageSettingsScannerInfoProvider.java:86)
	at org.eclipse.cdt.internal.core.language.settings.providers.LanguageSettingsScannerInfoProvider.getScannerInformation(LanguageSettingsScannerInfoProvider.java:1)
	at org.omnetpp.cdt.cache.CppScanner.getScannerInfo(CppScanner.java:136)
	at org.omnetpp.cdt.cache.CppScanner.<init>(CppScanner.java:119)
	at org.omnetpp.cdt.cache.DependencyCache.collectFileIncludeStatements(DependencyCache.java:451)
	at org.omnetpp.cdt.cache.DependencyCache$6.visit(DependencyCache.java:416)
	at org.omnetpp.cdt.cache.DependencyCache$4.visit(DependencyCache.java:372)
	at org.eclipse.core.internal.resources.Resource$2.visit(Resource.java:126)
	at org.eclipse.core.internal.resources.Resource$1.visitElement(Resource.java:85)
	at org.eclipse.core.internal.watson.ElementTreeIterator.doIteration(ElementTreeIterator.java:82)
	at org.eclipse.core.internal.watson.ElementTreeIterator.doIteration(ElementTreeIterator.java:86)
	at org.eclipse.core.internal.watson.ElementTreeIterator.doIteration(ElementTreeIterator.java:86)
	at org.eclipse.core.internal.watson.ElementTreeIterator.doIteration(ElementTreeIterator.java:86)
	at org.eclipse.core.internal.watson.ElementTreeIterator.doIteration(ElementTreeIterator.java:86)
	at org.eclipse.core.internal.watson.ElementTreeIterator.iterate(ElementTreeIterator.java:127)
	at org.eclipse.core.internal.resources.Resource.accept(Resource.java:95)
	at org.eclipse.core.internal.resources.Resource.accept(Resource.java:52)
	at org.eclipse.core.internal.resources.Resource.accept(Resource.java:124)
	at org.eclipse.core.internal.resources.Resource.accept(Resource.java:108)
	at org.omnetpp.cdt.cache.DependencyCache.visitNonGeneratedSourceFiles(DependencyCache.java:357)
	at org.omnetpp.cdt.cache.DependencyCache.collectIncludeStatementsInProject(DependencyCache.java:403)
	at org.omnetpp.cdt.cache.DependencyCache.computeCachedData(DependencyCache.java:312)
	at org.omnetpp.cdt.cache.DependencyCache.getCrossFolderDependencies(DependencyCache.java:243)
	at org.omnetpp.cdt.build.MetaMakemake.translateOptions(MetaMakemake.java:75)
	at org.omnetpp.cdt.build.MetaMakemake.generateMakefile(MetaMakemake.java:56)
	at org.omnetpp.cdt.build.MakefileBuilder.generateMakefileFor(MakefileBuilder.java:354)
	at org.omnetpp.cdt.build.MakefileBuilder.generateMakefiles(MakefileBuilder.java:337)
	at org.omnetpp.cdt.build.MakefileBuilder.build(MakefileBuilder.java:77)
	at org.eclipse.core.internal.events.BuildManager$2.run(BuildManager.java:734)
	at org.eclipse.core.runtime.SafeRunner.run(SafeRunner.java:42)
	at org.eclipse.core.internal.events.BuildManager.basicBuild(BuildManager.java:206)
	at org.eclipse.core.internal.events.BuildManager.basicBuild(BuildManager.java:246)
	at org.eclipse.core.internal.events.BuildManager$1.run(BuildManager.java:299)
	at org.eclipse.core.runtime.SafeRunner.run(SafeRunner.java:42)
	at org.eclipse.core.internal.events.BuildManager.basicBuild(BuildManager.java:302)
	at org.eclipse.core.internal.events.BuildManager.basicBuildLoop(BuildManager.java:358)
	at org.eclipse.core.internal.events.BuildManager.build(BuildManager.java:381)
	at org.eclipse.core.internal.resources.Workspace.buildInternal(Workspace.java:496)
	at org.eclipse.core.internal.resources.Workspace.build(Workspace.java:405)
	at org.eclipse.debug.internal.core.LaunchConfiguration.launch(LaunchConfiguration.java:859)
	at org.eclipse.debug.internal.core.LaunchConfiguration.launch(LaunchConfiguration.java:739)
	at org.eclipse.debug.internal.ui.DebugUIPlugin.buildAndLaunch(DebugUIPlugin.java:1039)
	at org.eclipse.debug.internal.ui.DebugUIPlugin$8.run(DebugUIPlugin.java:1256)
	at org.eclipse.core.internal.jobs.Worker.run(Worker.java:54)

!ENTRY org.eclipse.cdt.core 2 0 2017-10-30 16:58:44.241
!MESSAGE Error getting ScannerInfo: Unable to determine language for resource L/inet-framework-simulte-afd56c4/src/apps/alert/AlertPacket.msg
!STACK 0
java.lang.Exception
	at org.eclipse.cdt.internal.core.language.settings.providers.LanguageSettingsScannerInfoProvider.getScannerInformation(LanguageSettingsScannerInfoProvider.java:86)
	at org.eclipse.cdt.internal.core.language.settings.providers.LanguageSettingsScannerInfoProvider.getScannerInformation(LanguageSettingsScannerInfoProvider.java:1)
	at org.omnetpp.cdt.cache.CppScanner.getScannerInfo(CppScanner.java:136)
	at org.omnetpp.cdt.cache.CppScanner.<init>(CppScanner.java:119)
	at org.omnetpp.cdt.cache.DependencyCache.collectFileIncludeStatements(DependencyCache.java:451)
	at org.omnetpp.cdt.cache.DependencyCache$6.visit(DependencyCache.java:416)
	at org.omnetpp.cdt.cache.DependencyCache$4.visit(DependencyCache.java:372)
	at org.eclipse.core.internal.resources.Resource$2.visit(Resource.java:126)
	at org.eclipse.core.internal.resources.Resource$1.visitElement(Resource.java:85)
	at org.eclipse.core.internal.watson.ElementTreeIterator.doIteration(ElementTreeIterator.java:82)
	at org.eclipse.core.internal.watson.ElementTreeIterator.doIteration(ElementTreeIterator.java:86)
	at org.eclipse.core.internal.watson.ElementTreeIterator.doIteration(ElementTreeIterator.java:86)
	at org.eclipse.core.internal.watson.ElementTreeIterator.doIteration(ElementTreeIterator.java:86)
	at org.eclipse.core.internal.watson.ElementTreeIterator.doIteration(ElementTreeIterator.java:86)
	at org.eclipse.core.internal.watson.ElementTreeIterator.iterate(ElementTreeIterator.java:127)
	at org.eclipse.core.internal.resources.Resource.accept(Resource.java:95)
	at org.eclipse.core.internal.resources.Resource.accept(Resource.java:52)
	at org.eclipse.core.internal.resources.Resource.accept(Resource.java:124)
	at org.eclipse.core.internal.resources.Resource.accept(Resource.java:108)
	at org.omnetpp.cdt.cache.DependencyCache.visitNonGeneratedSourceFiles(DependencyCache.java:357)
	at org.omnetpp.cdt.cache.DependencyCache.collectIncludeStatementsInProject(DependencyCache.java:403)
	at org.omnetpp.cdt.cache.DependencyCache.computeCachedData(DependencyCache.java:312)
	at org.omnetpp.cdt.cache.DependencyCache.getCrossFolderDependencies(DependencyCache.java:243)
	at org.omnetpp.cdt.build.MetaMakemake.translateOptions(MetaMakemake.java:75)
	at org.omnetpp.cdt.build.MetaMakemake.generateMakefile(MetaMakemake.java:56)
	at org.omnetpp.cdt.build.MakefileBuilder.generateMakefileFor(MakefileBuilder.java:354)
	at org.omnetpp.cdt.build.MakefileBuilder.generateMakefiles(MakefileBuilder.java:337)
	at org.omnetpp.cdt.build.MakefileBuilder.build(MakefileBuilder.java:77)
	at org.eclipse.core.internal.events.BuildManager$2.run(BuildManager.java:734)
	at org.eclipse.core.runtime.SafeRunner.run(SafeRunner.java:42)
	at org.eclipse.core.internal.events.BuildManager.basicBuild(BuildManager.java:206)
	at org.eclipse.core.internal.events.BuildManager.basicBuild(BuildManager.java:246)
	at org.eclipse.core.internal.events.BuildManager$1.run(BuildManager.java:299)
	at org.eclipse.core.runtime.SafeRunner.run(SafeRunner.java:42)
	at org.eclipse.core.internal.events.BuildManager.basicBuild(BuildManager.java:302)
	at org.eclipse.core.internal.events.BuildManager.basicBuildLoop(BuildManager.java:358)
	at org.eclipse.core.internal.events.BuildManager.build(BuildManager.java:381)
	at org.eclipse.core.internal.resources.Workspace.buildInternal(Workspace.java:496)
	at org.eclipse.core.internal.resources.Workspace.build(Workspace.java:405)
	at org.eclipse.debug.internal.core.LaunchConfiguration.launch(LaunchConfiguration.java:859)
	at org.eclipse.debug.internal.core.LaunchConfiguration.launch(LaunchConfiguration.java:739)
	at org.eclipse.debug.internal.ui.DebugUIPlugin.buildAndLaunch(DebugUIPlugin.java:1039)
	at org.eclipse.debug.internal.ui.DebugUIPlugin$8.run(DebugUIPlugin.java:1256)
	at org.eclipse.core.internal.jobs.Worker.run(Worker.java:54)

!ENTRY org.eclipse.core.resources 4 2 2017-10-30 17:02:45.234
!MESSAGE Problems occurred when invoking code from plug-in: "org.eclipse.core.resources".
!STACK 0
java.lang.NullPointerException
	at org.omnetpp.cdt.build.MetaMakemake.makeRelativePath(MetaMakemake.java:315)
	at org.omnetpp.cdt.build.MetaMakemake.addLocationToDirList(MetaMakemake.java:308)
	at org.omnetpp.cdt.build.MetaMakemake.translateOptions(MetaMakemake.java:130)
	at org.omnetpp.cdt.build.MetaMakemake.generateMakefile(MetaMakemake.java:56)
	at org.omnetpp.cdt.build.MakefileBuilder.generateMakefileFor(MakefileBuilder.java:354)
	at org.omnetpp.cdt.build.MakefileBuilder.generateMakefiles(MakefileBuilder.java:337)
	at org.omnetpp.cdt.build.MakefileBuilder.build(MakefileBuilder.java:77)
	at org.eclipse.core.internal.events.BuildManager$2.run(BuildManager.java:734)
	at org.eclipse.core.runtime.SafeRunner.run(SafeRunner.java:42)
	at org.eclipse.core.internal.events.BuildManager.basicBuild(BuildManager.java:206)
	at org.eclipse.core.internal.events.BuildManager.basicBuild(BuildManager.java:246)
	at org.eclipse.core.internal.events.BuildManager$1.run(BuildManager.java:299)
	at org.eclipse.core.runtime.SafeRunner.run(SafeRunner.java:42)
	at org.eclipse.core.internal.events.BuildManager.basicBuild(BuildManager.java:302)
	at org.eclipse.core.internal.events.BuildManager.basicBuildLoop(BuildManager.java:358)
	at org.eclipse.core.internal.events.BuildManager.build(BuildManager.java:381)
	at org.eclipse.core.internal.resources.Workspace.buildInternal(Workspace.java:496)
	at org.eclipse.core.internal.resources.Workspace.build(Workspace.java:415)
	at org.eclipse.ui.actions.BuildAction$1.runInWorkspace(BuildAction.java:305)
	at org.eclipse.core.internal.resources.InternalWorkspaceJob.run(InternalWorkspaceJob.java:38)
	at org.eclipse.core.internal.jobs.Worker.run(Worker.java:54)

!ENTRY org.eclipse.core.resources 4 75 2017-10-30 17:02:45.474
!MESSAGE Errors occurred during the build.
!SUBENTRY 1 org.omnetpp.cdt 4 75 2017-10-30 17:02:45.474
!MESSAGE Errors running builder 'OMNeT++ Makefile Builder' on project 'inet-framework-simulte-afd56c4'.
!STACK 0
java.lang.NullPointerException
	at org.omnetpp.cdt.build.MetaMakemake.makeRelativePath(MetaMakemake.java:315)
	at org.omnetpp.cdt.build.MetaMakemake.addLocationToDirList(MetaMakemake.java:308)
	at org.omnetpp.cdt.build.MetaMakemake.translateOptions(MetaMakemake.java:130)
	at org.omnetpp.cdt.build.MetaMakemake.generateMakefile(MetaMakemake.java:56)
	at org.omnetpp.cdt.build.MakefileBuilder.generateMakefileFor(MakefileBuilder.java:354)
	at org.omnetpp.cdt.build.MakefileBuilder.generateMakefiles(MakefileBuilder.java:337)
	at org.omnetpp.cdt.build.MakefileBuilder.build(MakefileBuilder.java:77)
	at org.eclipse.core.internal.events.BuildManager$2.run(BuildManager.java:734)
	at org.eclipse.core.runtime.SafeRunner.run(SafeRunner.java:42)
	at org.eclipse.core.internal.events.BuildManager.basicBuild(BuildManager.java:206)
	at org.eclipse.core.internal.events.BuildManager.basicBuild(BuildManager.java:246)
	at org.eclipse.core.internal.events.BuildManager$1.run(BuildManager.java:299)
	at org.eclipse.core.runtime.SafeRunner.run(SafeRunner.java:42)
	at org.eclipse.core.internal.events.BuildManager.basicBuild(BuildManager.java:302)
	at org.eclipse.core.internal.events.BuildManager.basicBuildLoop(BuildManager.java:358)
	at org.eclipse.core.internal.events.BuildManager.build(BuildManager.java:381)
	at org.eclipse.core.internal.resources.Workspace.buildInternal(Workspace.java:496)
	at org.eclipse.core.internal.resources.Workspace.build(Workspace.java:415)
	at org.eclipse.ui.actions.BuildAction$1.runInWorkspace(BuildAction.java:305)
	at org.eclipse.core.internal.resources.InternalWorkspaceJob.run(InternalWorkspaceJob.java:38)
	at org.eclipse.core.internal.jobs.Worker.run(Worker.java:54)

!ENTRY org.eclipse.cdt.core 2 0 2017-10-30 17:06:15.843
!MESSAGE Error getting ScannerInfo: Unable to determine language for resource L/inet-framework-simulte-afd56c4/src/stack/rlc/am/packet/LteRlcAmPdu.msg
!STACK 0
java.lang.Exception
	at org.eclipse.cdt.internal.core.language.settings.providers.LanguageSettingsScannerInfoProvider.getScannerInformation(LanguageSettingsScannerInfoProvider.java:86)
	at org.eclipse.cdt.internal.core.language.settings.providers.LanguageSettingsScannerInfoProvider.getScannerInformation(LanguageSettingsScannerInfoProvider.java:1)
	at org.omnetpp.cdt.cache.CppScanner.getScannerInfo(CppScanner.java:136)
	at org.omnetpp.cdt.cache.CppScanner.<init>(CppScanner.java:119)
	at org.omnetpp.cdt.cache.DependencyCache.collectFileIncludeStatements(DependencyCache.java:451)
	at org.omnetpp.cdt.cache.DependencyCache$6.visit(DependencyCache.java:416)
	at org.omnetpp.cdt.cache.DependencyCache$4.visit(DependencyCache.java:372)
	at org.eclipse.core.internal.resources.Resource$2.visit(Resource.java:126)
	at org.eclipse.core.internal.resources.Resource$1.visitElement(Resource.java:85)
	at org.eclipse.core.internal.watson.ElementTreeIterator.doIteration(ElementTreeIterator.java:82)
	at org.eclipse.core.internal.watson.ElementTreeIterator.doIteration(ElementTreeIterator.java:86)
	at org.eclipse.core.internal.watson.ElementTreeIterator.doIteration(ElementTreeIterator.java:86)
	at org.eclipse.core.internal.watson.ElementTreeIterator.doIteration(ElementTreeIterator.java:86)
	at org.eclipse.core.internal.watson.ElementTreeIterator.doIteration(ElementTreeIterator.java:86)
	at org.eclipse.core.internal.watson.ElementTreeIterator.doIteration(ElementTreeIterator.java:86)
	at org.eclipse.core.internal.watson.ElementTreeIterator.doIteration(ElementTreeIterator.java:86)
	at org.eclipse.core.internal.watson.ElementTreeIterator.iterate(ElementTreeIterator.java:127)
	at org.eclipse.core.internal.resources.Resource.accept(Resource.java:95)
	at org.eclipse.core.internal.resources.Resource.accept(Resource.java:52)
	at org.eclipse.core.internal.resources.Resource.accept(Resource.java:124)
	at org.eclipse.core.internal.resources.Resource.accept(Resource.java:108)
	at org.omnetpp.cdt.cache.DependencyCache.visitNonGeneratedSourceFiles(DependencyCache.java:357)
	at org.omnetpp.cdt.cache.DependencyCache.collectIncludeStatementsInProject(DependencyCache.java:403)
	at org.omnetpp.cdt.cache.DependencyCache.computeCachedData(DependencyCache.java:312)
	at org.omnetpp.cdt.cache.DependencyCache.getCrossFolderDependencies(DependencyCache.java:243)
	at org.omnetpp.cdt.build.MetaMakemake.translateOptions(MetaMakemake.java:75)
	at org.omnetpp.cdt.build.MetaMakemake.generateMakefile(MetaMakemake.java:56)
	at org.omnetpp.cdt.build.MakefileBuilder.generateMakefileFor(MakefileBuilder.java:354)
	at org.omnetpp.cdt.build.MakefileBuilder.generateMakefiles(MakefileBuilder.java:337)
	at org.omnetpp.cdt.build.MakefileBuilder.build(MakefileBuilder.java:77)
	at org.eclipse.core.internal.events.BuildManager$2.run(BuildManager.java:734)
	at org.eclipse.core.runtime.SafeRunner.run(SafeRunner.java:42)
	at org.eclipse.core.internal.events.BuildManager.basicBuild(BuildManager.java:206)
	at org.eclipse.core.internal.events.BuildManager.basicBuild(BuildManager.java:246)
	at org.eclipse.core.internal.events.BuildManager$1.run(BuildManager.java:299)
	at org.eclipse.core.runtime.SafeRunner.run(SafeRunner.java:42)
	at org.eclipse.core.internal.events.BuildManager.basicBuild(BuildManager.java:302)
	at org.eclipse.core.internal.events.BuildManager.basicBuildLoop(BuildManager.java:358)
	at org.eclipse.core.internal.events.BuildManager.build(BuildManager.java:381)
	at org.eclipse.core.internal.resources.Workspace.buildInternal(Workspace.java:496)
	at org.eclipse.core.internal.resources.Workspace.build(Workspace.java:415)
	at org.eclipse.ui.actions.BuildAction$1.runInWorkspace(BuildAction.java:305)
	at org.eclipse.core.internal.resources.InternalWorkspaceJob.run(InternalWorkspaceJob.java:38)
	at org.eclipse.core.internal.jobs.Worker.run(Worker.java:54)
!SESSION 2017-10-31 10:51:33.950 -----------------------------------------------
eclipse.buildId=unknown
java.version=1.8.0_131
java.vendor=Oracle Corporation
BootLoader constants: OS=linux, ARCH=x86_64, WS=gtk, NL=en_US
Command-line arguments:  -os linux -ws gtk -arch x86_64

!ENTRY org.omnetpp.main 1 0 2017-10-31 10:51:54.440
!MESSAGE OMNeT++ IDE 5.0.0.160414-aa4629c started.
